<?xml version="1.0" encoding="UTF-8"?>
<coverage generated="1670314621039" clover="3.2.0">
  <project timestamp="1670314621040" name="All files">
    <metrics statements="426" coveredstatements="413" conditionals="73" coveredconditionals="63" methods="66" coveredmethods="57" elements="565" coveredelements="533" complexity="0" loc="426" ncloc="426" packages="7" files="20" classes="20"/>
    <package name="express">
      <metrics statements="12" coveredstatements="12" conditionals="4" coveredconditionals="3" methods="0" coveredmethods="0"/>
      <file name="app.js" path="C:\Users\IvanArifin\Documents\Hacktiv8\p3\Final\Final-Project\server\express\app.js">
        <metrics statements="12" coveredstatements="12" conditionals="4" coveredconditionals="3" methods="0" coveredmethods="0"/>
        <line num="1" count="3" type="cond" truecount="1" falsecount="1"/>
        <line num="2" count="3" type="stmt"/>
        <line num="5" count="3" type="stmt"/>
        <line num="6" count="3" type="stmt"/>
        <line num="7" count="3" type="cond" truecount="2" falsecount="0"/>
        <line num="8" count="3" type="stmt"/>
        <line num="9" count="3" type="stmt"/>
        <line num="11" count="3" type="stmt"/>
        <line num="12" count="3" type="stmt"/>
        <line num="13" count="3" type="stmt"/>
        <line num="15" count="3" type="stmt"/>
        <line num="21" count="3" type="stmt"/>
      </file>
    </package>
    <package name="express.controllers">
      <metrics statements="224" coveredstatements="214" conditionals="40" coveredconditionals="34" methods="40" coveredmethods="31"/>
      <file name="GameController.js" path="C:\Users\IvanArifin\Documents\Hacktiv8\p3\Final\Final-Project\server\express\controllers\GameController.js">
        <metrics statements="13" coveredstatements="12" conditionals="2" coveredconditionals="2" methods="2" coveredmethods="2"/>
        <line num="1" count="3" type="stmt"/>
        <line num="4" count="1" type="stmt"/>
        <line num="5" count="1" type="stmt"/>
        <line num="6" count="1" type="stmt"/>
        <line num="8" count="0" type="stmt"/>
        <line num="12" count="2" type="stmt"/>
        <line num="13" count="2" type="stmt"/>
        <line num="14" count="2" type="stmt"/>
        <line num="15" count="2" type="cond" truecount="2" falsecount="0"/>
        <line num="16" count="1" type="stmt"/>
        <line num="18" count="1" type="stmt"/>
        <line num="20" count="1" type="stmt"/>
        <line num="25" count="3" type="stmt"/>
      </file>
      <file name="UserController.js" path="C:\Users\IvanArifin\Documents\Hacktiv8\p3\Final\Final-Project\server\express\controllers\UserController.js">
        <metrics statements="165" coveredstatements="157" conditionals="24" coveredconditionals="20" methods="33" coveredmethods="24"/>
        <line num="1" count="3" type="stmt"/>
        <line num="2" count="3" type="stmt"/>
        <line num="3" count="3" type="stmt"/>
        <line num="4" count="3" type="stmt"/>
        <line num="5" count="3" type="stmt"/>
        <line num="6" count="3" type="stmt"/>
        <line num="7" count="3" type="stmt"/>
        <line num="8" count="3" type="stmt"/>
        <line num="9" count="3" type="stmt"/>
        <line num="10" count="3" type="stmt"/>
        <line num="11" count="3" type="stmt"/>
        <line num="12" count="3" type="stmt"/>
        <line num="18" count="3" type="stmt"/>
        <line num="19" count="2" type="stmt"/>
        <line num="21" count="2" type="stmt"/>
        <line num="22" count="2" type="stmt"/>
        <line num="25" count="2" type="stmt"/>
        <line num="29" count="8" type="stmt"/>
        <line num="30" count="8" type="stmt"/>
        <line num="31" count="8" type="stmt"/>
        <line num="32" count="8" type="stmt"/>
        <line num="33" count="8" type="stmt"/>
        <line num="47" count="1" type="stmt"/>
        <line num="69" count="1" type="stmt"/>
        <line num="75" count="1" type="stmt"/>
        <line num="344" count="1" type="stmt"/>
        <line num="349" count="1" type="stmt"/>
        <line num="351" count="7" type="stmt"/>
        <line num="356" count="5" type="stmt"/>
        <line num="357" count="5" type="stmt"/>
        <line num="359" count="5" type="cond" truecount="4" falsecount="0"/>
        <line num="360" count="2" type="stmt"/>
        <line num="363" count="3" type="stmt"/>
        <line num="365" count="3" type="cond" truecount="4" falsecount="0"/>
        <line num="366" count="1" type="stmt"/>
        <line num="369" count="2" type="stmt"/>
        <line num="371" count="2" type="cond" truecount="2" falsecount="0"/>
        <line num="372" count="1" type="stmt"/>
        <line num="375" count="1" type="stmt"/>
        <line num="380" count="1" type="stmt"/>
        <line num="381" count="1" type="stmt"/>
        <line num="382" count="1" type="stmt"/>
        <line num="390" count="4" type="stmt"/>
        <line num="394" count="1" type="stmt"/>
        <line num="395" count="1" type="stmt"/>
        <line num="396" count="1" type="stmt"/>
        <line num="397" count="1" type="stmt"/>
        <line num="400" count="1" type="cond" truecount="1" falsecount="1"/>
        <line num="401" count="1" type="stmt"/>
        <line num="402" count="1" type="stmt"/>
        <line num="403" count="1" type="stmt"/>
        <line num="404" count="1" type="stmt"/>
        <line num="413" count="1" type="stmt"/>
        <line num="414" count="1" type="stmt"/>
        <line num="416" count="0" type="stmt"/>
        <line num="420" count="1" type="stmt"/>
        <line num="422" count="0" type="stmt"/>
        <line num="426" count="2" type="stmt"/>
        <line num="427" count="2" type="stmt"/>
        <line num="433" count="1" type="stmt"/>
        <line num="435" count="1" type="stmt"/>
        <line num="440" count="2" type="stmt"/>
        <line num="441" count="2" type="stmt"/>
        <line num="442" count="2" type="stmt"/>
        <line num="449" count="1" type="stmt"/>
        <line num="460" count="1" type="stmt"/>
        <line num="461" count="0" type="stmt"/>
        <line num="462" count="0" type="cond" truecount="0" falsecount="2"/>
        <line num="463" count="0" type="stmt"/>
        <line num="467" count="1" type="stmt"/>
        <line num="469" count="1" type="stmt"/>
        <line num="474" count="2" type="stmt"/>
        <line num="475" count="2" type="stmt"/>
        <line num="476" count="2" type="stmt"/>
        <line num="482" count="2" type="cond" truecount="2" falsecount="0"/>
        <line num="483" count="1" type="stmt"/>
        <line num="485" count="1" type="stmt"/>
        <line num="489" count="1" type="stmt"/>
        <line num="491" count="1" type="stmt"/>
        <line num="496" count="2" type="stmt"/>
        <line num="497" count="2" type="stmt"/>
        <line num="498" count="2" type="stmt"/>
        <line num="499" count="1" type="stmt"/>
        <line num="500" count="1" type="stmt"/>
        <line num="501" count="1" type="stmt"/>
        <line num="503" count="1" type="stmt"/>
        <line num="508" count="2" type="stmt"/>
        <line num="509" count="2" type="stmt"/>
        <line num="510" count="2" type="stmt"/>
        <line num="511" count="2" type="cond" truecount="2" falsecount="0"/>
        <line num="512" count="1" type="stmt"/>
        <line num="514" count="1" type="stmt"/>
        <line num="518" count="1" type="stmt"/>
        <line num="520" count="1" type="stmt"/>
        <line num="531" count="1" type="stmt"/>
        <line num="535" count="1" type="stmt"/>
        <line num="537" count="1" type="stmt"/>
        <line num="543" count="1" type="stmt"/>
        <line num="544" count="1" type="stmt"/>
        <line num="545" count="1" type="stmt"/>
        <line num="546" count="1" type="stmt"/>
        <line num="549" count="1" type="cond" truecount="1" falsecount="1"/>
        <line num="550" count="1" type="stmt"/>
        <line num="551" count="1" type="stmt"/>
        <line num="553" count="1" type="stmt"/>
        <line num="565" count="1" type="stmt"/>
        <line num="570" count="1" type="stmt"/>
        <line num="571" count="1" type="stmt"/>
        <line num="572" count="1" type="stmt"/>
        <line num="579" count="1" type="stmt"/>
        <line num="584" count="1" type="stmt"/>
        <line num="587" count="0" type="stmt"/>
        <line num="592" count="1" type="stmt"/>
        <line num="595" count="0" type="stmt"/>
        <line num="599" count="2" type="stmt"/>
        <line num="600" count="2" type="stmt"/>
        <line num="601" count="2" type="cond" truecount="2" falsecount="0"/>
        <line num="602" count="1" type="stmt"/>
        <line num="604" count="1" type="stmt"/>
        <line num="605" count="1" type="stmt"/>
        <line num="607" count="1" type="stmt"/>
        <line num="612" count="2" type="stmt"/>
        <line num="613" count="2" type="stmt"/>
        <line num="614" count="2" type="stmt"/>
        <line num="615" count="1" type="stmt"/>
        <line num="635" count="1" type="stmt"/>
        <line num="657" count="1" type="stmt"/>
        <line num="661" count="1" type="stmt"/>
        <line num="662" count="1" type="stmt"/>
        <line num="670" count="1" type="stmt"/>
        <line num="675" count="1" type="stmt"/>
        <line num="677" count="1" type="stmt"/>
        <line num="683" count="1" type="stmt"/>
        <line num="696" count="1" type="stmt"/>
        <line num="698" count="1" type="stmt"/>
        <line num="699" count="1" type="stmt"/>
        <line num="700" count="1" type="stmt"/>
        <line num="707" count="0" type="stmt"/>
        <line num="712" count="2" type="stmt"/>
        <line num="713" count="2" type="stmt"/>
        <line num="714" count="2" type="stmt"/>
        <line num="719" count="2" type="stmt"/>
        <line num="720" count="1" type="stmt"/>
        <line num="739" count="1" type="stmt"/>
        <line num="743" count="1" type="stmt"/>
        <line num="745" count="1" type="stmt"/>
        <line num="750" count="2" type="stmt"/>
        <line num="751" count="2" type="stmt"/>
        <line num="755" count="1" type="stmt"/>
        <line num="757" count="1" type="stmt"/>
        <line num="762" count="2" type="stmt"/>
        <line num="763" count="2" type="stmt"/>
        <line num="764" count="2" type="stmt"/>
        <line num="765" count="2" type="cond" truecount="2" falsecount="0"/>
        <line num="766" count="1" type="stmt"/>
        <line num="768" count="1" type="stmt"/>
        <line num="773" count="1" type="stmt"/>
        <line num="775" count="1" type="stmt"/>
        <line num="776" count="1" type="stmt"/>
        <line num="781" count="2" type="stmt"/>
        <line num="782" count="2" type="stmt"/>
        <line num="783" count="2" type="stmt"/>
        <line num="784" count="1" type="stmt"/>
        <line num="786" count="1" type="stmt"/>
        <line num="791" count="3" type="stmt"/>
      </file>
      <file name="UserGameController.js" path="C:\Users\IvanArifin\Documents\Hacktiv8\p3\Final\Final-Project\server\express\controllers\UserGameController.js">
        <metrics statements="46" coveredstatements="45" conditionals="14" coveredconditionals="12" methods="5" coveredmethods="5"/>
        <line num="1" count="3" type="stmt"/>
        <line num="2" count="3" type="stmt"/>
        <line num="6" count="1" type="stmt"/>
        <line num="7" count="1" type="stmt"/>
        <line num="8" count="1" type="stmt"/>
        <line num="12" count="1" type="stmt"/>
        <line num="14" count="0" type="stmt"/>
        <line num="18" count="2" type="stmt"/>
        <line num="19" count="2" type="stmt"/>
        <line num="20" count="2" type="stmt"/>
        <line num="24" count="2" type="cond" truecount="2" falsecount="0"/>
        <line num="25" count="1" type="stmt"/>
        <line num="27" count="1" type="stmt"/>
        <line num="31" count="3" type="stmt"/>
        <line num="32" count="3" type="stmt"/>
        <line num="33" count="3" type="stmt"/>
        <line num="34" count="3" type="stmt"/>
        <line num="35" count="3" type="cond" truecount="2" falsecount="0"/>
        <line num="36" count="1" type="stmt"/>
        <line num="38" count="2" type="stmt"/>
        <line num="39" count="2" type="stmt"/>
        <line num="51" count="2" type="cond" truecount="2" falsecount="0"/>
        <line num="52" count="1" type="stmt"/>
        <line num="56" count="2" type="stmt"/>
        <line num="60" count="2" type="stmt"/>
        <line num="61" count="2" type="stmt"/>
        <line num="62" count="2" type="stmt"/>
        <line num="63" count="2" type="stmt"/>
        <line num="64" count="2" type="cond" truecount="2" falsecount="0"/>
        <line num="65" count="1" type="stmt"/>
        <line num="78" count="1" type="stmt"/>
        <line num="80" count="1" type="stmt"/>
        <line num="85" count="2" type="stmt"/>
        <line num="86" count="2" type="stmt"/>
        <line num="87" count="2" type="stmt"/>
        <line num="88" count="2" type="stmt"/>
        <line num="92" count="2" type="cond" truecount="2" falsecount="0"/>
        <line num="93" count="1" type="stmt"/>
        <line num="95" count="1" type="stmt"/>
        <line num="100" count="1" type="cond" truecount="1" falsecount="1"/>
        <line num="101" count="1" type="stmt"/>
        <line num="105" count="1" type="stmt"/>
        <line num="111" count="1" type="cond" truecount="1" falsecount="1"/>
        <line num="112" count="1" type="stmt"/>
        <line num="116" count="1" type="stmt"/>
        <line num="121" count="3" type="stmt"/>
      </file>
    </package>
    <package name="express.helpers">
      <metrics statements="10" coveredstatements="10" conditionals="0" coveredconditionals="0" methods="4" coveredmethods="4"/>
      <file name="bcrypt.js" path="C:\Users\IvanArifin\Documents\Hacktiv8\p3\Final\Final-Project\server\express\helpers\bcrypt.js">
        <metrics statements="6" coveredstatements="6" conditionals="0" coveredconditionals="0" methods="2" coveredmethods="2"/>
        <line num="1" count="3" type="stmt"/>
        <line num="2" count="3" type="stmt"/>
        <line num="4" count="7" type="stmt"/>
        <line num="5" count="3" type="stmt"/>
        <line num="6" count="2" type="stmt"/>
        <line num="8" count="3" type="stmt"/>
      </file>
      <file name="jwt.js" path="C:\Users\IvanArifin\Documents\Hacktiv8\p3\Final\Final-Project\server\express\helpers\jwt.js">
        <metrics statements="4" coveredstatements="4" conditionals="0" coveredconditionals="0" methods="2" coveredmethods="2"/>
        <line num="1" count="3" type="stmt"/>
        <line num="3" count="19" type="stmt"/>
        <line num="4" count="36" type="stmt"/>
        <line num="6" count="3" type="stmt"/>
      </file>
    </package>
    <package name="express.lib">
      <metrics statements="6" coveredstatements="4" conditionals="0" coveredconditionals="0" methods="1" coveredmethods="1"/>
      <file name="Google.js" path="C:\Users\IvanArifin\Documents\Hacktiv8\p3\Final\Final-Project\server\express\lib\Google.js">
        <metrics statements="6" coveredstatements="4" conditionals="0" coveredconditionals="0" methods="1" coveredmethods="1"/>
        <line num="1" count="3" type="stmt"/>
        <line num="5" count="1" type="stmt"/>
        <line num="6" count="1" type="stmt"/>
        <line num="10" count="0" type="stmt"/>
        <line num="11" count="0" type="stmt"/>
        <line num="15" count="3" type="stmt"/>
      </file>
    </package>
    <package name="express.middlewares">
      <metrics statements="59" coveredstatements="59" conditionals="18" coveredconditionals="18" methods="5" coveredmethods="5"/>
      <file name="authentication.js" path="C:\Users\IvanArifin\Documents\Hacktiv8\p3\Final\Final-Project\server\express\middlewares\authentication.js">
        <metrics statements="12" coveredstatements="12" conditionals="2" coveredconditionals="2" methods="1" coveredmethods="1"/>
        <line num="1" count="3" type="stmt"/>
        <line num="2" count="3" type="stmt"/>
        <line num="4" count="3" type="stmt"/>
        <line num="5" count="31" type="stmt"/>
        <line num="6" count="31" type="stmt"/>
        <line num="7" count="31" type="cond" truecount="2" falsecount="0"/>
        <line num="8" count="1" type="stmt"/>
        <line num="11" count="30" type="stmt"/>
        <line num="22" count="29" type="stmt"/>
        <line num="27" count="29" type="stmt"/>
        <line num="29" count="2" type="stmt"/>
        <line num="33" count="3" type="stmt"/>
      </file>
      <file name="authorizeDeletePost.js" path="C:\Users\IvanArifin\Documents\Hacktiv8\p3\Final\Final-Project\server\express\middlewares\authorizeDeletePost.js">
        <metrics statements="15" coveredstatements="15" conditionals="4" coveredconditionals="4" methods="1" coveredmethods="1"/>
        <line num="1" count="3" type="stmt"/>
        <line num="2" count="3" type="stmt"/>
        <line num="4" count="3" type="stmt"/>
        <line num="5" count="4" type="stmt"/>
        <line num="6" count="4" type="stmt"/>
        <line num="7" count="4" type="stmt"/>
        <line num="8" count="4" type="stmt"/>
        <line num="9" count="4" type="stmt"/>
        <line num="10" count="4" type="cond" truecount="2" falsecount="0"/>
        <line num="11" count="1" type="stmt"/>
        <line num="13" count="3" type="cond" truecount="2" falsecount="0"/>
        <line num="14" count="1" type="stmt"/>
        <line num="16" count="2" type="stmt"/>
        <line num="18" count="2" type="stmt"/>
        <line num="22" count="3" type="stmt"/>
      </file>
      <file name="errorHandler.js" path="C:\Users\IvanArifin\Documents\Hacktiv8\p3\Final\Final-Project\server\express\middlewares\errorHandler.js">
        <metrics statements="32" coveredstatements="32" conditionals="12" coveredconditionals="12" methods="3" coveredmethods="3"/>
        <line num="1" count="3" type="stmt"/>
        <line num="2" count="32" type="stmt"/>
        <line num="3" count="32" type="cond" truecount="12" falsecount="0"/>
        <line num="5" count="6" type="stmt"/>
        <line num="6" count="24" type="stmt"/>
        <line num="8" count="6" type="stmt"/>
        <line num="9" count="6" type="stmt"/>
        <line num="12" count="1" type="stmt"/>
        <line num="13" count="1" type="stmt"/>
        <line num="15" count="1" type="stmt"/>
        <line num="16" count="1" type="stmt"/>
        <line num="19" count="2" type="stmt"/>
        <line num="20" count="2" type="stmt"/>
        <line num="23" count="2" type="stmt"/>
        <line num="26" count="2" type="stmt"/>
        <line num="29" count="1" type="stmt"/>
        <line num="32" count="1" type="stmt"/>
        <line num="35" count="7" type="stmt"/>
        <line num="38" count="7" type="stmt"/>
        <line num="41" count="2" type="stmt"/>
        <line num="44" count="2" type="stmt"/>
        <line num="47" count="2" type="stmt"/>
        <line num="50" count="2" type="stmt"/>
        <line num="53" count="1" type="stmt"/>
        <line num="56" count="1" type="stmt"/>
        <line num="59" count="1" type="stmt"/>
        <line num="62" count="1" type="stmt"/>
        <line num="65" count="1" type="stmt"/>
        <line num="68" count="1" type="stmt"/>
        <line num="71" count="6" type="stmt"/>
        <line num="74" count="6" type="stmt"/>
        <line num="78" count="3" type="stmt"/>
      </file>
    </package>
    <package name="express.models">
      <metrics statements="59" coveredstatements="58" conditionals="11" coveredconditionals="8" methods="15" coveredmethods="15"/>
      <file name="follow.js" path="C:\Users\IvanArifin\Documents\Hacktiv8\p3\Final\Final-Project\server\express\models\follow.js">
        <metrics statements="6" coveredstatements="6" conditionals="0" coveredconditionals="0" methods="2" coveredmethods="2"/>
        <line num="4" count="3" type="stmt"/>
        <line num="5" count="3" type="stmt"/>
        <line num="14" count="3" type="stmt"/>
        <line num="17" count="3" type="stmt"/>
        <line num="22" count="3" type="stmt"/>
        <line num="29" count="3" type="stmt"/>
      </file>
      <file name="game.js" path="C:\Users\IvanArifin\Documents\Hacktiv8\p3\Final\Final-Project\server\express\models\game.js">
        <metrics statements="6" coveredstatements="6" conditionals="0" coveredconditionals="0" methods="2" coveredmethods="2"/>
        <line num="2" count="3" type="stmt"/>
        <line num="3" count="3" type="stmt"/>
        <line num="12" count="3" type="stmt"/>
        <line num="13" count="3" type="stmt"/>
        <line num="16" count="3" type="stmt"/>
        <line num="65" count="3" type="stmt"/>
      </file>
      <file name="index.js" path="C:\Users\IvanArifin\Documents\Hacktiv8\p3\Final\Final-Project\server\express\models\index.js">
        <metrics statements="21" coveredstatements="20" conditionals="9" coveredconditionals="6" methods="3" coveredmethods="3"/>
        <line num="3" count="3" type="stmt"/>
        <line num="4" count="3" type="stmt"/>
        <line num="5" count="3" type="stmt"/>
        <line num="6" count="3" type="stmt"/>
        <line num="7" count="3" type="stmt"/>
        <line num="8" count="3" type="cond" truecount="1" falsecount="1"/>
        <line num="9" count="3" type="stmt"/>
        <line num="10" count="3" type="stmt"/>
        <line num="13" count="3" type="cond" truecount="1" falsecount="1"/>
        <line num="14" count="0" type="stmt"/>
        <line num="16" count="3" type="stmt"/>
        <line num="19" count="3" type="stmt"/>
        <line num="22" count="18" type="cond" truecount="3" falsecount="0"/>
        <line num="25" count="15" type="stmt"/>
        <line num="26" count="15" type="stmt"/>
        <line num="29" count="3" type="stmt"/>
        <line num="30" count="15" type="cond" truecount="1" falsecount="1"/>
        <line num="31" count="15" type="stmt"/>
        <line num="35" count="3" type="stmt"/>
        <line num="36" count="3" type="stmt"/>
        <line num="38" count="3" type="stmt"/>
      </file>
      <file name="post.js" path="C:\Users\IvanArifin\Documents\Hacktiv8\p3\Final\Final-Project\server\express\models\post.js">
        <metrics statements="6" coveredstatements="6" conditionals="0" coveredconditionals="0" methods="2" coveredmethods="2"/>
        <line num="2" count="3" type="stmt"/>
        <line num="3" count="3" type="stmt"/>
        <line num="12" count="3" type="stmt"/>
        <line num="13" count="3" type="stmt"/>
        <line num="16" count="3" type="stmt"/>
        <line num="57" count="3" type="stmt"/>
      </file>
      <file name="user.js" path="C:\Users\IvanArifin\Documents\Hacktiv8\p3\Final\Final-Project\server\express\models\user.js">
        <metrics statements="14" coveredstatements="14" conditionals="2" coveredconditionals="2" methods="4" coveredmethods="4"/>
        <line num="2" count="3" type="stmt"/>
        <line num="3" count="3" type="stmt"/>
        <line num="4" count="3" type="stmt"/>
        <line num="13" count="3" type="stmt"/>
        <line num="14" count="3" type="stmt"/>
        <line num="15" count="3" type="stmt"/>
        <line num="18" count="3" type="stmt"/>
        <line num="23" count="3" type="stmt"/>
        <line num="43" count="11" type="cond" truecount="2" falsecount="0"/>
        <line num="44" count="2" type="stmt"/>
        <line num="79" count="3" type="stmt"/>
        <line num="80" count="7" type="stmt"/>
        <line num="82" count="7" type="stmt"/>
        <line num="85" count="3" type="stmt"/>
      </file>
      <file name="usergame.js" path="C:\Users\IvanArifin\Documents\Hacktiv8\p3\Final\Final-Project\server\express\models\usergame.js">
        <metrics statements="6" coveredstatements="6" conditionals="0" coveredconditionals="0" methods="2" coveredmethods="2"/>
        <line num="2" count="3" type="stmt"/>
        <line num="3" count="3" type="stmt"/>
        <line num="12" count="3" type="stmt"/>
        <line num="13" count="3" type="stmt"/>
        <line num="16" count="3" type="stmt"/>
        <line num="72" count="3" type="stmt"/>
      </file>
    </package>
    <package name="express.routes">
      <metrics statements="56" coveredstatements="56" conditionals="0" coveredconditionals="0" methods="1" coveredmethods="1"/>
      <file name="gamesRoute.js" path="C:\Users\IvanArifin\Documents\Hacktiv8\p3\Final\Final-Project\server\express\routes\gamesRoute.js">
        <metrics statements="6" coveredstatements="6" conditionals="0" coveredconditionals="0" methods="0" coveredmethods="0"/>
        <line num="1" count="3" type="stmt"/>
        <line num="2" count="3" type="stmt"/>
        <line num="3" count="3" type="stmt"/>
        <line num="5" count="3" type="stmt"/>
        <line num="6" count="3" type="stmt"/>
        <line num="8" count="3" type="stmt"/>
      </file>
      <file name="index.js" path="C:\Users\IvanArifin\Documents\Hacktiv8\p3\Final\Final-Project\server\express\routes\index.js">
        <metrics statements="15" coveredstatements="15" conditionals="0" coveredconditionals="0" methods="1" coveredmethods="1"/>
        <line num="1" count="3" type="stmt"/>
        <line num="2" count="3" type="stmt"/>
        <line num="3" count="3" type="stmt"/>
        <line num="4" count="3" type="stmt"/>
        <line num="5" count="3" type="stmt"/>
        <line num="6" count="3" type="stmt"/>
        <line num="7" count="3" type="stmt"/>
        <line num="9" count="3" type="stmt"/>
        <line num="10" count="1" type="stmt"/>
        <line num="12" count="3" type="stmt"/>
        <line num="13" count="3" type="stmt"/>
        <line num="14" count="3" type="stmt"/>
        <line num="15" count="3" type="stmt"/>
        <line num="17" count="3" type="stmt"/>
        <line num="19" count="3" type="stmt"/>
      </file>
      <file name="userGamesRoute.js" path="C:\Users\IvanArifin\Documents\Hacktiv8\p3\Final\Final-Project\server\express\routes\userGamesRoute.js">
        <metrics statements="9" coveredstatements="9" conditionals="0" coveredconditionals="0" methods="0" coveredmethods="0"/>
        <line num="1" count="3" type="stmt"/>
        <line num="2" count="3" type="stmt"/>
        <line num="3" count="3" type="stmt"/>
        <line num="5" count="3" type="stmt"/>
        <line num="6" count="3" type="stmt"/>
        <line num="7" count="3" type="stmt"/>
        <line num="8" count="3" type="stmt"/>
        <line num="9" count="3" type="stmt"/>
        <line num="11" count="3" type="stmt"/>
      </file>
      <file name="usersRoute.js" path="C:\Users\IvanArifin\Documents\Hacktiv8\p3\Final\Final-Project\server\express\routes\usersRoute.js">
        <metrics statements="26" coveredstatements="26" conditionals="0" coveredconditionals="0" methods="0" coveredmethods="0"/>
        <line num="1" count="3" type="stmt"/>
        <line num="2" count="3" type="stmt"/>
        <line num="3" count="3" type="stmt"/>
        <line num="4" count="3" type="stmt"/>
        <line num="6" count="3" type="stmt"/>
        <line num="7" count="3" type="stmt"/>
        <line num="8" count="3" type="stmt"/>
        <line num="9" count="3" type="stmt"/>
        <line num="11" count="3" type="stmt"/>
        <line num="12" count="3" type="stmt"/>
        <line num="13" count="3" type="stmt"/>
        <line num="14" count="3" type="stmt"/>
        <line num="15" count="3" type="stmt"/>
        <line num="16" count="3" type="stmt"/>
        <line num="18" count="3" type="stmt"/>
        <line num="20" count="3" type="stmt"/>
        <line num="21" count="3" type="stmt"/>
        <line num="22" count="3" type="stmt"/>
        <line num="23" count="3" type="stmt"/>
        <line num="24" count="3" type="stmt"/>
        <line num="25" count="3" type="stmt"/>
        <line num="26" count="3" type="stmt"/>
        <line num="27" count="3" type="stmt"/>
        <line num="28" count="3" type="stmt"/>
        <line num="29" count="3" type="stmt"/>
        <line num="30" count="3" type="stmt"/>
      </file>
    </package>
  </project>
</coverage>
