{"C:\\Users\\IvanArifin\\Documents\\Hacktiv8\\p3\\Final\\Final-Project\\server\\express\\app.js": {"path":"C:\\Users\\IvanArifin\\Documents\\Hacktiv8\\p3\\Final\\Final-Project\\server\\express\\app.js","statementMap":{"0":{"start":{"line":1,"column":0},"end":{"line":3,"column":1}},"1":{"start":{"line":2,"column":2},"end":{"line":2,"column":29}},"2":{"start":{"line":5,"column":16},"end":{"line":5,"column":34}},"3":{"start":{"line":6,"column":12},"end":{"line":6,"column":21}},"4":{"start":{"line":7,"column":13},"end":{"line":7,"column":17}},"5":{"start":{"line":8,"column":15},"end":{"line":8,"column":40}},"6":{"start":{"line":9,"column":13},"end":{"line":9,"column":28}},"7":{"start":{"line":11,"column":0},"end":{"line":11,"column":16}},"8":{"start":{"line":12,"column":0},"end":{"line":12,"column":48}},"9":{"start":{"line":13,"column":0},"end":{"line":13,"column":24}},"10":{"start":{"line":15,"column":0},"end":{"line":15,"column":21}},"11":{"start":{"line":21,"column":0},"end":{"line":21,"column":21}}},"fnMap":{},"branchMap":{"0":{"loc":{"start":{"line":1,"column":0},"end":{"line":3,"column":1}},"type":"if","locations":[{"start":{"line":1,"column":0},"end":{"line":3,"column":1}},{"start":{},"end":{}}],"line":1}},"s":{"0":3,"1":3,"2":3,"3":3,"4":3,"5":3,"6":3,"7":3,"8":3,"9":3,"10":3,"11":3},"f":{},"b":{"0":[3,0]},"_coverageSchema":"1a1c01bbd47fc00a2c39e90264f33305004495a9","hash":"d0718a0ca3cd8d38a150831e96d5f87f7ffdea30"}
,"C:\\Users\\IvanArifin\\Documents\\Hacktiv8\\p3\\Final\\Final-Project\\server\\express\\controllers\\GameController.js": {"path":"C:\\Users\\IvanArifin\\Documents\\Hacktiv8\\p3\\Final\\Final-Project\\server\\express\\controllers\\GameController.js","statementMap":{"0":{"start":{"line":1,"column":33},"end":{"line":1,"column":59}},"1":{"start":{"line":4,"column":4},"end":{"line":9,"column":5}},"2":{"start":{"line":5,"column":20},"end":{"line":5,"column":40}},"3":{"start":{"line":6,"column":6},"end":{"line":6,"column":34}},"4":{"start":{"line":8,"column":6},"end":{"line":8,"column":18}},"5":{"start":{"line":12,"column":4},"end":{"line":21,"column":5}},"6":{"start":{"line":13,"column":21},"end":{"line":13,"column":31}},"7":{"start":{"line":14,"column":19},"end":{"line":14,"column":42}},"8":{"start":{"line":15,"column":6},"end":{"line":17,"column":7}},"9":{"start":{"line":16,"column":8},"end":{"line":16,"column":36}},"10":{"start":{"line":18,"column":6},"end":{"line":18,"column":33}},"11":{"start":{"line":20,"column":6},"end":{"line":20,"column":18}},"12":{"start":{"line":25,"column":0},"end":{"line":25,"column":32}}},"fnMap":{"0":{"name":"(anonymous_0)","decl":{"start":{"line":3,"column":2},"end":{"line":3,"column":3}},"loc":{"start":{"line":3,"column":43},"end":{"line":10,"column":3}},"line":3},"1":{"name":"(anonymous_1)","decl":{"start":{"line":11,"column":2},"end":{"line":11,"column":3}},"loc":{"start":{"line":11,"column":39},"end":{"line":22,"column":3}},"line":11}},"branchMap":{"0":{"loc":{"start":{"line":15,"column":6},"end":{"line":17,"column":7}},"type":"if","locations":[{"start":{"line":15,"column":6},"end":{"line":17,"column":7}},{"start":{},"end":{}}],"line":15}},"s":{"0":3,"1":1,"2":1,"3":1,"4":0,"5":2,"6":2,"7":2,"8":2,"9":1,"10":1,"11":1,"12":3},"f":{"0":1,"1":2},"b":{"0":[1,1]},"_coverageSchema":"1a1c01bbd47fc00a2c39e90264f33305004495a9","hash":"90f4a629e417421c03cc62eae428af4c104cb425"}
,"C:\\Users\\IvanArifin\\Documents\\Hacktiv8\\p3\\Final\\Final-Project\\server\\express\\controllers\\UserController.js": {"path":"C:\\Users\\IvanArifin\\Documents\\Hacktiv8\\p3\\Final\\Final-Project\\server\\express\\controllers\\UserController.js","statementMap":{"0":{"start":{"line":1,"column":28},"end":{"line":1,"column":56}},"1":{"start":{"line":2,"column":37},"end":{"line":2,"column":62}},"2":{"start":{"line":3,"column":23},"end":{"line":3,"column":49}},"3":{"start":{"line":4,"column":15},"end":{"line":4,"column":39}},"4":{"start":{"line":5,"column":47},"end":{"line":5,"column":73}},"5":{"start":{"line":6,"column":14},"end":{"line":6,"column":30}},"6":{"start":{"line":7,"column":23},"end":{"line":7,"column":38}},"7":{"start":{"line":8,"column":14},"end":{"line":8,"column":30}},"8":{"start":{"line":9,"column":19},"end":{"line":9,"column":43}},"9":{"start":{"line":10,"column":21},"end":{"line":10,"column":38}},"10":{"start":{"line":11,"column":0},"end":{"line":15,"column":3}},"11":{"start":{"line":17,"column":23},"end":{"line":25,"column":1}},"12":{"start":{"line":18,"column":19},"end":{"line":23,"column":4}},"13":{"start":{"line":20,"column":6},"end":{"line":20,"column":24}},"14":{"start":{"line":21,"column":6},"end":{"line":21,"column":22}},"15":{"start":{"line":24,"column":2},"end":{"line":24,"column":18}},"16":{"start":{"line":28,"column":15},"end":{"line":28,"column":23}},"17":{"start":{"line":29,"column":65},"end":{"line":29,"column":73}},"18":{"start":{"line":30,"column":4},"end":{"line":351,"column":5}},"19":{"start":{"line":31,"column":24},"end":{"line":31,"column":46}},"20":{"start":{"line":32,"column":23},"end":{"line":44,"column":8}},"21":{"start":{"line":46,"column":22},"end":{"line":66,"column":7}},"22":{"start":{"line":68,"column":6},"end":{"line":71,"column":36}},"23":{"start":{"line":74,"column":30},"end":{"line":342,"column":7}},"24":{"start":{"line":343,"column":6},"end":{"line":346,"column":36}},"25":{"start":{"line":348,"column":6},"end":{"line":348,"column":39}},"26":{"start":{"line":350,"column":6},"end":{"line":350,"column":18}},"27":{"start":{"line":355,"column":4},"end":{"line":390,"column":5}},"28":{"start":{"line":356,"column":32},"end":{"line":356,"column":40}},"29":{"start":{"line":358,"column":6},"end":{"line":360,"column":7}},"30":{"start":{"line":359,"column":8},"end":{"line":359,"column":38}},"31":{"start":{"line":362,"column":21},"end":{"line":362,"column":61}},"32":{"start":{"line":364,"column":6},"end":{"line":366,"column":7}},"33":{"start":{"line":365,"column":8},"end":{"line":365,"column":39}},"34":{"start":{"line":368,"column":25},"end":{"line":368,"column":69}},"35":{"start":{"line":370,"column":6},"end":{"line":372,"column":7}},"36":{"start":{"line":371,"column":8},"end":{"line":371,"column":39}},"37":{"start":{"line":374,"column":20},"end":{"line":378,"column":7}},"38":{"start":{"line":379,"column":6},"end":{"line":379,"column":75}},"39":{"start":{"line":380,"column":27},"end":{"line":380,"column":47}},"40":{"start":{"line":381,"column":6},"end":{"line":387,"column":9}},"41":{"start":{"line":389,"column":6},"end":{"line":389,"column":18}},"42":{"start":{"line":393,"column":65},"end":{"line":393,"column":73}},"43":{"start":{"line":394,"column":17},"end":{"line":394,"column":78}},"44":{"start":{"line":395,"column":4},"end":{"line":422,"column":5}},"45":{"start":{"line":396,"column":21},"end":{"line":418,"column":7}},"46":{"start":{"line":399,"column":10},"end":{"line":399,"column":54}},"47":{"start":{"line":399,"column":21},"end":{"line":399,"column":54}},"48":{"start":{"line":400,"column":10},"end":{"line":416,"column":11}},"49":{"start":{"line":401,"column":27},"end":{"line":401,"column":44}},"50":{"start":{"line":402,"column":25},"end":{"line":402,"column":35}},"51":{"start":{"line":403,"column":26},"end":{"line":411,"column":13}},"52":{"start":{"line":412,"column":12},"end":{"line":412,"column":58}},"53":{"start":{"line":413,"column":12},"end":{"line":413,"column":73}},"54":{"start":{"line":415,"column":12},"end":{"line":415,"column":24}},"55":{"start":{"line":419,"column":6},"end":{"line":419,"column":40}},"56":{"start":{"line":421,"column":6},"end":{"line":421,"column":18}},"57":{"start":{"line":425,"column":4},"end":{"line":435,"column":5}},"58":{"start":{"line":426,"column":18},"end":{"line":431,"column":8}},"59":{"start":{"line":432,"column":6},"end":{"line":432,"column":34}},"60":{"start":{"line":434,"column":6},"end":{"line":434,"column":18}},"61":{"start":{"line":439,"column":4},"end":{"line":450,"column":5}},"62":{"start":{"line":440,"column":18},"end":{"line":446,"column":8}},"63":{"start":{"line":447,"column":6},"end":{"line":447,"column":34}},"64":{"start":{"line":449,"column":6},"end":{"line":449,"column":18}},"65":{"start":{"line":454,"column":4},"end":{"line":472,"column":5}},"66":{"start":{"line":455,"column":19},"end":{"line":455,"column":29}},"67":{"start":{"line":456,"column":17},"end":{"line":461,"column":8}},"68":{"start":{"line":462,"column":6},"end":{"line":464,"column":7}},"69":{"start":{"line":463,"column":8},"end":{"line":463,"column":36}},"70":{"start":{"line":465,"column":21},"end":{"line":468,"column":8}},"71":{"start":{"line":469,"column":6},"end":{"line":469,"column":47}},"72":{"start":{"line":471,"column":6},"end":{"line":471,"column":18}},"73":{"start":{"line":476,"column":4},"end":{"line":484,"column":5}},"74":{"start":{"line":477,"column":28},"end":{"line":477,"column":38}},"75":{"start":{"line":478,"column":20},"end":{"line":478,"column":42}},"76":{"start":{"line":479,"column":24},"end":{"line":479,"column":73}},"77":{"start":{"line":480,"column":6},"end":{"line":480,"column":69}},"78":{"start":{"line":481,"column":6},"end":{"line":481,"column":69}},"79":{"start":{"line":483,"column":6},"end":{"line":483,"column":18}},"80":{"start":{"line":488,"column":4},"end":{"line":518,"column":5}},"81":{"start":{"line":489,"column":19},"end":{"line":489,"column":29}},"82":{"start":{"line":490,"column":25},"end":{"line":490,"column":66}},"83":{"start":{"line":491,"column":6},"end":{"line":493,"column":7}},"84":{"start":{"line":492,"column":8},"end":{"line":492,"column":39}},"85":{"start":{"line":494,"column":19},"end":{"line":497,"column":8}},"86":{"start":{"line":498,"column":20},"end":{"line":498,"column":36}},"87":{"start":{"line":500,"column":22},"end":{"line":509,"column":7}},"88":{"start":{"line":511,"column":6},"end":{"line":514,"column":36}},"89":{"start":{"line":515,"column":6},"end":{"line":515,"column":35}},"90":{"start":{"line":517,"column":6},"end":{"line":517,"column":18}},"91":{"start":{"line":523,"column":37},"end":{"line":523,"column":45}},"92":{"start":{"line":524,"column":17},"end":{"line":524,"column":78}},"93":{"start":{"line":525,"column":4},"end":{"line":576,"column":5}},"94":{"start":{"line":526,"column":21},"end":{"line":571,"column":7}},"95":{"start":{"line":529,"column":10},"end":{"line":529,"column":54}},"96":{"start":{"line":529,"column":21},"end":{"line":529,"column":54}},"97":{"start":{"line":530,"column":10},"end":{"line":568,"column":11}},"98":{"start":{"line":531,"column":26},"end":{"line":531,"column":42}},"99":{"start":{"line":533,"column":28},"end":{"line":544,"column":13}},"100":{"start":{"line":545,"column":27},"end":{"line":548,"column":13}},"101":{"start":{"line":550,"column":12},"end":{"line":550,"column":34}},"102":{"start":{"line":551,"column":25},"end":{"line":551,"column":42}},"103":{"start":{"line":552,"column":26},"end":{"line":558,"column":13}},"104":{"start":{"line":559,"column":12},"end":{"line":562,"column":14}},"105":{"start":{"line":564,"column":12},"end":{"line":564,"column":70}},"106":{"start":{"line":567,"column":12},"end":{"line":567,"column":24}},"107":{"start":{"line":572,"column":6},"end":{"line":572,"column":40}},"108":{"start":{"line":575,"column":6},"end":{"line":575,"column":18}},"109":{"start":{"line":579,"column":4},"end":{"line":591,"column":5}},"110":{"start":{"line":580,"column":17},"end":{"line":580,"column":49}},"111":{"start":{"line":581,"column":6},"end":{"line":583,"column":7}},"112":{"start":{"line":582,"column":8},"end":{"line":582,"column":41}},"113":{"start":{"line":584,"column":6},"end":{"line":586,"column":7}},"114":{"start":{"line":585,"column":8},"end":{"line":585,"column":41}},"115":{"start":{"line":587,"column":6},"end":{"line":587,"column":76}},"116":{"start":{"line":588,"column":6},"end":{"line":588,"column":64}},"117":{"start":{"line":590,"column":6},"end":{"line":590,"column":18}},"118":{"start":{"line":595,"column":4},"end":{"line":654,"column":5}},"119":{"start":{"line":596,"column":17},"end":{"line":596,"column":25}},"120":{"start":{"line":597,"column":22},"end":{"line":597,"column":68}},"121":{"start":{"line":598,"column":30},"end":{"line":616,"column":8}},"122":{"start":{"line":618,"column":22},"end":{"line":638,"column":7}},"123":{"start":{"line":640,"column":6},"end":{"line":643,"column":36}},"124":{"start":{"line":644,"column":27},"end":{"line":644,"column":55}},"125":{"start":{"line":645,"column":6},"end":{"line":651,"column":9}},"126":{"start":{"line":653,"column":6},"end":{"line":653,"column":18}},"127":{"start":{"line":658,"column":4},"end":{"line":691,"column":5}},"128":{"start":{"line":660,"column":17},"end":{"line":664,"column":8}},"129":{"start":{"line":666,"column":22},"end":{"line":677,"column":7}},"130":{"start":{"line":679,"column":6},"end":{"line":687,"column":9}},"131":{"start":{"line":681,"column":31},"end":{"line":681,"column":48}},"132":{"start":{"line":682,"column":29},"end":{"line":682,"column":53}},"133":{"start":{"line":683,"column":8},"end":{"line":686,"column":11}},"134":{"start":{"line":690,"column":6},"end":{"line":690,"column":18}},"135":{"start":{"line":695,"column":4},"end":{"line":705,"column":5}},"136":{"start":{"line":696,"column":19},"end":{"line":696,"column":27}},"137":{"start":{"line":701,"column":6},"end":{"line":701,"column":64}},"138":{"start":{"line":702,"column":6},"end":{"line":702,"column":67}},"139":{"start":{"line":704,"column":6},"end":{"line":704,"column":18}},"140":{"start":{"line":709,"column":4},"end":{"line":717,"column":5}},"141":{"start":{"line":710,"column":18},"end":{"line":713,"column":8}},"142":{"start":{"line":714,"column":6},"end":{"line":714,"column":34}},"143":{"start":{"line":716,"column":6},"end":{"line":716,"column":18}},"144":{"start":{"line":721,"column":0},"end":{"line":721,"column":32}}},"fnMap":{"0":{"name":"(anonymous_0)","decl":{"start":{"line":17,"column":23},"end":{"line":17,"column":24}},"loc":{"start":{"line":17,"column":35},"end":{"line":25,"column":1}},"line":17},"1":{"name":"(anonymous_1)","decl":{"start":{"line":19,"column":4},"end":{"line":19,"column":5}},"loc":{"start":{"line":19,"column":11},"end":{"line":22,"column":5}},"line":19},"2":{"name":"(anonymous_2)","decl":{"start":{"line":27,"column":2},"end":{"line":27,"column":3}},"loc":{"start":{"line":27,"column":44},"end":{"line":352,"column":3}},"line":27},"3":{"name":"(anonymous_3)","decl":{"start":{"line":70,"column":14},"end":{"line":70,"column":15}},"loc":{"start":{"line":70,"column":34},"end":{"line":70,"column":36}},"line":70},"4":{"name":"(anonymous_4)","decl":{"start":{"line":71,"column":15},"end":{"line":71,"column":16}},"loc":{"start":{"line":71,"column":32},"end":{"line":71,"column":34}},"line":71},"5":{"name":"(anonymous_5)","decl":{"start":{"line":345,"column":14},"end":{"line":345,"column":15}},"loc":{"start":{"line":345,"column":34},"end":{"line":345,"column":36}},"line":345},"6":{"name":"(anonymous_6)","decl":{"start":{"line":346,"column":15},"end":{"line":346,"column":16}},"loc":{"start":{"line":346,"column":32},"end":{"line":346,"column":34}},"line":346},"7":{"name":"(anonymous_7)","decl":{"start":{"line":354,"column":2},"end":{"line":354,"column":3}},"loc":{"start":{"line":354,"column":41},"end":{"line":391,"column":3}},"line":354},"8":{"name":"(anonymous_8)","decl":{"start":{"line":392,"column":2},"end":{"line":392,"column":3}},"loc":{"start":{"line":392,"column":40},"end":{"line":423,"column":3}},"line":392},"9":{"name":"(anonymous_9)","decl":{"start":{"line":398,"column":8},"end":{"line":398,"column":9}},"loc":{"start":{"line":398,"column":33},"end":{"line":417,"column":9}},"line":398},"10":{"name":"(anonymous_10)","decl":{"start":{"line":424,"column":2},"end":{"line":424,"column":3}},"loc":{"start":{"line":424,"column":40},"end":{"line":436,"column":3}},"line":424},"11":{"name":"(anonymous_11)","decl":{"start":{"line":438,"column":2},"end":{"line":438,"column":3}},"loc":{"start":{"line":438,"column":46},"end":{"line":451,"column":3}},"line":438},"12":{"name":"(anonymous_12)","decl":{"start":{"line":453,"column":2},"end":{"line":453,"column":3}},"loc":{"start":{"line":453,"column":45},"end":{"line":473,"column":3}},"line":453},"13":{"name":"(anonymous_13)","decl":{"start":{"line":475,"column":2},"end":{"line":475,"column":3}},"loc":{"start":{"line":475,"column":45},"end":{"line":485,"column":3}},"line":475},"14":{"name":"(anonymous_14)","decl":{"start":{"line":487,"column":2},"end":{"line":487,"column":3}},"loc":{"start":{"line":487,"column":42},"end":{"line":519,"column":3}},"line":487},"15":{"name":"(anonymous_15)","decl":{"start":{"line":513,"column":14},"end":{"line":513,"column":15}},"loc":{"start":{"line":513,"column":34},"end":{"line":513,"column":36}},"line":513},"16":{"name":"(anonymous_16)","decl":{"start":{"line":514,"column":15},"end":{"line":514,"column":16}},"loc":{"start":{"line":514,"column":32},"end":{"line":514,"column":34}},"line":514},"17":{"name":"(anonymous_17)","decl":{"start":{"line":521,"column":2},"end":{"line":521,"column":3}},"loc":{"start":{"line":521,"column":39},"end":{"line":577,"column":3}},"line":521},"18":{"name":"(anonymous_18)","decl":{"start":{"line":528,"column":8},"end":{"line":528,"column":9}},"loc":{"start":{"line":528,"column":33},"end":{"line":569,"column":9}},"line":528},"19":{"name":"(anonymous_19)","decl":{"start":{"line":578,"column":2},"end":{"line":578,"column":3}},"loc":{"start":{"line":578,"column":42},"end":{"line":592,"column":3}},"line":578},"20":{"name":"(anonymous_20)","decl":{"start":{"line":594,"column":2},"end":{"line":594,"column":3}},"loc":{"start":{"line":594,"column":38},"end":{"line":655,"column":3}},"line":594},"21":{"name":"(anonymous_21)","decl":{"start":{"line":642,"column":14},"end":{"line":642,"column":15}},"loc":{"start":{"line":642,"column":34},"end":{"line":642,"column":36}},"line":642},"22":{"name":"(anonymous_22)","decl":{"start":{"line":643,"column":15},"end":{"line":643,"column":16}},"loc":{"start":{"line":643,"column":32},"end":{"line":643,"column":34}},"line":643},"23":{"name":"(anonymous_23)","decl":{"start":{"line":657,"column":2},"end":{"line":657,"column":3}},"loc":{"start":{"line":657,"column":43},"end":{"line":692,"column":3}},"line":657},"24":{"name":"(anonymous_24)","decl":{"start":{"line":679,"column":45},"end":{"line":679,"column":46}},"loc":{"start":{"line":679,"column":62},"end":{"line":687,"column":7}},"line":679},"25":{"name":"(anonymous_25)","decl":{"start":{"line":694,"column":2},"end":{"line":694,"column":3}},"loc":{"start":{"line":694,"column":39},"end":{"line":706,"column":3}},"line":694},"26":{"name":"(anonymous_26)","decl":{"start":{"line":708,"column":2},"end":{"line":708,"column":3}},"loc":{"start":{"line":708,"column":40},"end":{"line":718,"column":3}},"line":708}},"branchMap":{"0":{"loc":{"start":{"line":358,"column":6},"end":{"line":360,"column":7}},"type":"if","locations":[{"start":{"line":358,"column":6},"end":{"line":360,"column":7}},{"start":{},"end":{}}],"line":358},"1":{"loc":{"start":{"line":358,"column":10},"end":{"line":358,"column":29}},"type":"binary-expr","locations":[{"start":{"line":358,"column":10},"end":{"line":358,"column":16}},{"start":{"line":358,"column":20},"end":{"line":358,"column":29}}],"line":358},"2":{"loc":{"start":{"line":364,"column":6},"end":{"line":366,"column":7}},"type":"if","locations":[{"start":{"line":364,"column":6},"end":{"line":366,"column":7}},{"start":{},"end":{}}],"line":364},"3":{"loc":{"start":{"line":364,"column":10},"end":{"line":364,"column":40}},"type":"binary-expr","locations":[{"start":{"line":364,"column":10},"end":{"line":364,"column":19}},{"start":{"line":364,"column":23},"end":{"line":364,"column":40}}],"line":364},"4":{"loc":{"start":{"line":370,"column":6},"end":{"line":372,"column":7}},"type":"if","locations":[{"start":{"line":370,"column":6},"end":{"line":372,"column":7}},{"start":{},"end":{}}],"line":370},"5":{"loc":{"start":{"line":399,"column":10},"end":{"line":399,"column":54}},"type":"if","locations":[{"start":{"line":399,"column":10},"end":{"line":399,"column":54}},{"start":{},"end":{}}],"line":399},"6":{"loc":{"start":{"line":462,"column":6},"end":{"line":464,"column":7}},"type":"if","locations":[{"start":{"line":462,"column":6},"end":{"line":464,"column":7}},{"start":{},"end":{}}],"line":462},"7":{"loc":{"start":{"line":491,"column":6},"end":{"line":493,"column":7}},"type":"if","locations":[{"start":{"line":491,"column":6},"end":{"line":493,"column":7}},{"start":{},"end":{}}],"line":491},"8":{"loc":{"start":{"line":529,"column":10},"end":{"line":529,"column":54}},"type":"if","locations":[{"start":{"line":529,"column":10},"end":{"line":529,"column":54}},{"start":{},"end":{}}],"line":529},"9":{"loc":{"start":{"line":581,"column":6},"end":{"line":583,"column":7}},"type":"if","locations":[{"start":{"line":581,"column":6},"end":{"line":583,"column":7}},{"start":{},"end":{}}],"line":581},"10":{"loc":{"start":{"line":584,"column":6},"end":{"line":586,"column":7}},"type":"if","locations":[{"start":{"line":584,"column":6},"end":{"line":586,"column":7}},{"start":{},"end":{}}],"line":584}},"s":{"0":3,"1":3,"2":3,"3":3,"4":3,"5":3,"6":3,"7":3,"8":3,"9":3,"10":3,"11":3,"12":2,"13":2,"14":2,"15":2,"16":8,"17":8,"18":8,"19":8,"20":8,"21":1,"22":1,"23":1,"24":1,"25":1,"26":7,"27":5,"28":5,"29":5,"30":2,"31":3,"32":3,"33":1,"34":2,"35":2,"36":1,"37":1,"38":1,"39":1,"40":1,"41":4,"42":1,"43":1,"44":1,"45":1,"46":1,"47":0,"48":1,"49":1,"50":1,"51":1,"52":1,"53":1,"54":0,"55":1,"56":0,"57":1,"58":1,"59":1,"60":0,"61":1,"62":1,"63":1,"64":0,"65":2,"66":2,"67":2,"68":2,"69":1,"70":1,"71":1,"72":1,"73":2,"74":2,"75":2,"76":1,"77":1,"78":1,"79":1,"80":2,"81":2,"82":2,"83":2,"84":1,"85":1,"86":1,"87":1,"88":1,"89":1,"90":1,"91":1,"92":1,"93":1,"94":1,"95":1,"96":0,"97":1,"98":1,"99":1,"100":1,"101":1,"102":1,"103":1,"104":1,"105":1,"106":0,"107":1,"108":0,"109":1,"110":1,"111":1,"112":0,"113":1,"114":0,"115":1,"116":1,"117":0,"118":2,"119":2,"120":2,"121":1,"122":1,"123":1,"124":1,"125":1,"126":1,"127":1,"128":1,"129":1,"130":1,"131":1,"132":1,"133":1,"134":0,"135":1,"136":1,"137":1,"138":1,"139":0,"140":1,"141":1,"142":1,"143":0,"144":3},"f":{"0":2,"1":2,"2":8,"3":0,"4":1,"5":0,"6":1,"7":5,"8":1,"9":1,"10":1,"11":1,"12":2,"13":2,"14":2,"15":0,"16":0,"17":1,"18":1,"19":1,"20":2,"21":0,"22":1,"23":1,"24":1,"25":1,"26":1},"b":{"0":[2,3],"1":[5,4],"2":[1,2],"3":[3,2],"4":[1,1],"5":[0,1],"6":[1,1],"7":[1,1],"8":[0,1],"9":[0,1],"10":[0,1]},"_coverageSchema":"1a1c01bbd47fc00a2c39e90264f33305004495a9","hash":"86081665034800e07cae9d0972ed97feffdb110e"}
,"C:\\Users\\IvanArifin\\Documents\\Hacktiv8\\p3\\Final\\Final-Project\\server\\express\\controllers\\UserGameController.js": {"path":"C:\\Users\\IvanArifin\\Documents\\Hacktiv8\\p3\\Final\\Final-Project\\server\\express\\controllers\\UserGameController.js","statementMap":{"0":{"start":{"line":1,"column":15},"end":{"line":1,"column":35}},"1":{"start":{"line":2,"column":44},"end":{"line":2,"column":70}},"2":{"start":{"line":6,"column":4},"end":{"line":15,"column":5}},"3":{"start":{"line":7,"column":21},"end":{"line":7,"column":29}},"4":{"start":{"line":8,"column":24},"end":{"line":11,"column":8}},"5":{"start":{"line":12,"column":6},"end":{"line":12,"column":38}},"6":{"start":{"line":14,"column":6},"end":{"line":14,"column":18}},"7":{"start":{"line":18,"column":4},"end":{"line":28,"column":5}},"8":{"start":{"line":19,"column":21},"end":{"line":19,"column":31}},"9":{"start":{"line":20,"column":23},"end":{"line":23,"column":8}},"10":{"start":{"line":24,"column":6},"end":{"line":24,"column":49}},"11":{"start":{"line":24,"column":21},"end":{"line":24,"column":49}},"12":{"start":{"line":25,"column":6},"end":{"line":25,"column":37}},"13":{"start":{"line":27,"column":6},"end":{"line":27,"column":18}},"14":{"start":{"line":31,"column":4},"end":{"line":52,"column":5}},"15":{"start":{"line":32,"column":21},"end":{"line":32,"column":32}},"16":{"start":{"line":33,"column":21},"end":{"line":33,"column":34}},"17":{"start":{"line":34,"column":17},"end":{"line":34,"column":44}},"18":{"start":{"line":35,"column":6},"end":{"line":37,"column":7}},"19":{"start":{"line":36,"column":8},"end":{"line":36,"column":36}},"20":{"start":{"line":38,"column":49},"end":{"line":38,"column":57}},"21":{"start":{"line":39,"column":6},"end":{"line":46,"column":9}},"22":{"start":{"line":47,"column":6},"end":{"line":49,"column":72}},"23":{"start":{"line":51,"column":6},"end":{"line":51,"column":18}},"24":{"start":{"line":55,"column":4},"end":{"line":74,"column":5}},"25":{"start":{"line":56,"column":21},"end":{"line":56,"column":31}},"26":{"start":{"line":57,"column":49},"end":{"line":57,"column":57}},"27":{"start":{"line":58,"column":21},"end":{"line":58,"column":44}},"28":{"start":{"line":60,"column":6},"end":{"line":62,"column":7}},"29":{"start":{"line":61,"column":8},"end":{"line":61,"column":36}},"30":{"start":{"line":63,"column":6},"end":{"line":70,"column":8}},"31":{"start":{"line":71,"column":6},"end":{"line":71,"column":72}},"32":{"start":{"line":73,"column":6},"end":{"line":73,"column":18}},"33":{"start":{"line":78,"column":4},"end":{"line":110,"column":5}},"34":{"start":{"line":79,"column":29},"end":{"line":79,"column":37}},"35":{"start":{"line":80,"column":29},"end":{"line":80,"column":39}},"36":{"start":{"line":81,"column":23},"end":{"line":84,"column":8}},"37":{"start":{"line":85,"column":6},"end":{"line":87,"column":7}},"38":{"start":{"line":86,"column":8},"end":{"line":86,"column":44}},"39":{"start":{"line":88,"column":23},"end":{"line":92,"column":7}},"40":{"start":{"line":93,"column":6},"end":{"line":96,"column":10}},"41":{"start":{"line":94,"column":8},"end":{"line":96,"column":10}},"42":{"start":{"line":98,"column":27},"end":{"line":103,"column":8}},"43":{"start":{"line":104,"column":6},"end":{"line":104,"column":71}},"44":{"start":{"line":104,"column":35},"end":{"line":104,"column":71}},"45":{"start":{"line":105,"column":6},"end":{"line":107,"column":75}},"46":{"start":{"line":109,"column":6},"end":{"line":109,"column":18}},"47":{"start":{"line":114,"column":0},"end":{"line":114,"column":36}}},"fnMap":{"0":{"name":"(anonymous_0)","decl":{"start":{"line":5,"column":2},"end":{"line":5,"column":3}},"loc":{"start":{"line":5,"column":47},"end":{"line":16,"column":3}},"line":5},"1":{"name":"(anonymous_1)","decl":{"start":{"line":17,"column":2},"end":{"line":17,"column":3}},"loc":{"start":{"line":17,"column":43},"end":{"line":29,"column":3}},"line":17},"2":{"name":"(anonymous_2)","decl":{"start":{"line":30,"column":2},"end":{"line":30,"column":3}},"loc":{"start":{"line":30,"column":46},"end":{"line":53,"column":3}},"line":30},"3":{"name":"(anonymous_3)","decl":{"start":{"line":54,"column":2},"end":{"line":54,"column":3}},"loc":{"start":{"line":54,"column":44},"end":{"line":75,"column":3}},"line":54},"4":{"name":"(anonymous_4)","decl":{"start":{"line":77,"column":2},"end":{"line":77,"column":3}},"loc":{"start":{"line":77,"column":41},"end":{"line":111,"column":3}},"line":77}},"branchMap":{"0":{"loc":{"start":{"line":24,"column":6},"end":{"line":24,"column":49}},"type":"if","locations":[{"start":{"line":24,"column":6},"end":{"line":24,"column":49}},{"start":{},"end":{}}],"line":24},"1":{"loc":{"start":{"line":35,"column":6},"end":{"line":37,"column":7}},"type":"if","locations":[{"start":{"line":35,"column":6},"end":{"line":37,"column":7}},{"start":{},"end":{}}],"line":35},"2":{"loc":{"start":{"line":60,"column":6},"end":{"line":62,"column":7}},"type":"if","locations":[{"start":{"line":60,"column":6},"end":{"line":62,"column":7}},{"start":{},"end":{}}],"line":60},"3":{"loc":{"start":{"line":85,"column":6},"end":{"line":87,"column":7}},"type":"if","locations":[{"start":{"line":85,"column":6},"end":{"line":87,"column":7}},{"start":{},"end":{}}],"line":85},"4":{"loc":{"start":{"line":93,"column":6},"end":{"line":96,"column":10}},"type":"if","locations":[{"start":{"line":93,"column":6},"end":{"line":96,"column":10}},{"start":{},"end":{}}],"line":93},"5":{"loc":{"start":{"line":104,"column":6},"end":{"line":104,"column":71}},"type":"if","locations":[{"start":{"line":104,"column":6},"end":{"line":104,"column":71}},{"start":{},"end":{}}],"line":104}},"s":{"0":3,"1":3,"2":1,"3":1,"4":1,"5":1,"6":0,"7":2,"8":2,"9":2,"10":2,"11":1,"12":1,"13":1,"14":2,"15":2,"16":2,"17":2,"18":2,"19":1,"20":1,"21":1,"22":1,"23":1,"24":2,"25":2,"26":2,"27":2,"28":2,"29":1,"30":1,"31":1,"32":1,"33":2,"34":2,"35":2,"36":2,"37":2,"38":1,"39":1,"40":1,"41":1,"42":1,"43":1,"44":0,"45":1,"46":1,"47":3},"f":{"0":1,"1":2,"2":2,"3":2,"4":2},"b":{"0":[1,1],"1":[1,1],"2":[1,1],"3":[1,1],"4":[1,0],"5":[0,1]},"_coverageSchema":"1a1c01bbd47fc00a2c39e90264f33305004495a9","hash":"5a337b2a78468cd4c03d61540d6acb7ecc35cc1a"}
,"C:\\Users\\IvanArifin\\Documents\\Hacktiv8\\p3\\Final\\Final-Project\\server\\express\\helpers\\bcrypt.js": {"path":"C:\\Users\\IvanArifin\\Documents\\Hacktiv8\\p3\\Final\\Final-Project\\server\\express\\helpers\\bcrypt.js","statementMap":{"0":{"start":{"line":1,"column":15},"end":{"line":1,"column":34}},"1":{"start":{"line":2,"column":13},"end":{"line":2,"column":35}},"2":{"start":{"line":4,"column":21},"end":{"line":4,"column":66}},"3":{"start":{"line":4,"column":35},"end":{"line":4,"column":66}},"4":{"start":{"line":5,"column":24},"end":{"line":6,"column":46}},"5":{"start":{"line":6,"column":2},"end":{"line":6,"column":46}},"6":{"start":{"line":8,"column":0},"end":{"line":11,"column":2}}},"fnMap":{"0":{"name":"(anonymous_0)","decl":{"start":{"line":4,"column":21},"end":{"line":4,"column":22}},"loc":{"start":{"line":4,"column":35},"end":{"line":4,"column":66}},"line":4},"1":{"name":"(anonymous_1)","decl":{"start":{"line":5,"column":24},"end":{"line":5,"column":25}},"loc":{"start":{"line":6,"column":2},"end":{"line":6,"column":46}},"line":6}},"branchMap":{},"s":{"0":3,"1":3,"2":3,"3":7,"4":3,"5":2,"6":3},"f":{"0":7,"1":2},"b":{},"_coverageSchema":"1a1c01bbd47fc00a2c39e90264f33305004495a9","hash":"2de7f821b498fa79aa1bdc53b4cca00d12f243a2"}
,"C:\\Users\\IvanArifin\\Documents\\Hacktiv8\\p3\\Final\\Final-Project\\server\\express\\helpers\\jwt.js": {"path":"C:\\Users\\IvanArifin\\Documents\\Hacktiv8\\p3\\Final\\Final-Project\\server\\express\\helpers\\jwt.js","statementMap":{"0":{"start":{"line":1,"column":12},"end":{"line":1,"column":35}},"1":{"start":{"line":3,"column":20},"end":{"line":3,"column":60}},"2":{"start":{"line":3,"column":33},"end":{"line":3,"column":60}},"3":{"start":{"line":4,"column":20},"end":{"line":4,"column":58}},"4":{"start":{"line":4,"column":31},"end":{"line":4,"column":58}},"5":{"start":{"line":6,"column":0},"end":{"line":6,"column":46}}},"fnMap":{"0":{"name":"(anonymous_0)","decl":{"start":{"line":3,"column":20},"end":{"line":3,"column":21}},"loc":{"start":{"line":3,"column":33},"end":{"line":3,"column":60}},"line":3},"1":{"name":"(anonymous_1)","decl":{"start":{"line":4,"column":20},"end":{"line":4,"column":21}},"loc":{"start":{"line":4,"column":31},"end":{"line":4,"column":58}},"line":4}},"branchMap":{},"s":{"0":3,"1":3,"2":19,"3":3,"4":23,"5":3},"f":{"0":19,"1":23},"b":{},"_coverageSchema":"1a1c01bbd47fc00a2c39e90264f33305004495a9","hash":"9bd33b0a9125022ace2593bdd358a08646cab134"}
,"C:\\Users\\IvanArifin\\Documents\\Hacktiv8\\p3\\Final\\Final-Project\\server\\express\\lib\\Google.js": {"path":"C:\\Users\\IvanArifin\\Documents\\Hacktiv8\\p3\\Final\\Final-Project\\server\\express\\lib\\Google.js","statementMap":{"0":{"start":{"line":1,"column":25},"end":{"line":1,"column":55}},"1":{"start":{"line":5,"column":19},"end":{"line":5,"column":58}},"2":{"start":{"line":6,"column":19},"end":{"line":9,"column":6}},"3":{"start":{"line":10,"column":20},"end":{"line":10,"column":39}},"4":{"start":{"line":11,"column":4},"end":{"line":11,"column":18}},"5":{"start":{"line":15,"column":0},"end":{"line":15,"column":24}}},"fnMap":{"0":{"name":"(anonymous_0)","decl":{"start":{"line":4,"column":2},"end":{"line":4,"column":3}},"loc":{"start":{"line":4,"column":37},"end":{"line":12,"column":3}},"line":4}},"branchMap":{},"s":{"0":3,"1":1,"2":1,"3":0,"4":0,"5":3},"f":{"0":1},"b":{},"_coverageSchema":"1a1c01bbd47fc00a2c39e90264f33305004495a9","hash":"67c45d1fc058d664fa059ac39d3e54a2e20345ac"}
,"C:\\Users\\IvanArifin\\Documents\\Hacktiv8\\p3\\Final\\Final-Project\\server\\express\\middlewares\\authentication.js": {"path":"C:\\Users\\IvanArifin\\Documents\\Hacktiv8\\p3\\Final\\Final-Project\\server\\express\\middlewares\\authentication.js","statementMap":{"0":{"start":{"line":1,"column":24},"end":{"line":1,"column":49}},"1":{"start":{"line":2,"column":17},"end":{"line":2,"column":43}},"2":{"start":{"line":4,"column":18},"end":{"line":31,"column":1}},"3":{"start":{"line":5,"column":2},"end":{"line":30,"column":3}},"4":{"start":{"line":6,"column":27},"end":{"line":6,"column":38}},"5":{"start":{"line":7,"column":4},"end":{"line":9,"column":5}},"6":{"start":{"line":8,"column":6},"end":{"line":8,"column":39}},"7":{"start":{"line":11,"column":26},"end":{"line":11,"column":51}},"8":{"start":{"line":22,"column":4},"end":{"line":26,"column":6}},"9":{"start":{"line":27,"column":4},"end":{"line":27,"column":11}},"10":{"start":{"line":29,"column":4},"end":{"line":29,"column":16}},"11":{"start":{"line":33,"column":0},"end":{"line":33,"column":27}}},"fnMap":{"0":{"name":"(anonymous_0)","decl":{"start":{"line":4,"column":18},"end":{"line":4,"column":19}},"loc":{"start":{"line":4,"column":43},"end":{"line":31,"column":1}},"line":4}},"branchMap":{"0":{"loc":{"start":{"line":7,"column":4},"end":{"line":9,"column":5}},"type":"if","locations":[{"start":{"line":7,"column":4},"end":{"line":9,"column":5}},{"start":{},"end":{}}],"line":7}},"s":{"0":3,"1":3,"2":3,"3":22,"4":22,"5":22,"6":1,"7":21,"8":20,"9":20,"10":2,"11":3},"f":{"0":22},"b":{"0":[1,21]},"_coverageSchema":"1a1c01bbd47fc00a2c39e90264f33305004495a9","hash":"98c19a5c56effc745d2dac6428917204a8555309"}
,"C:\\Users\\IvanArifin\\Documents\\Hacktiv8\\p3\\Final\\Final-Project\\server\\express\\middlewares\\errorHandler.js": {"path":"C:\\Users\\IvanArifin\\Documents\\Hacktiv8\\p3\\Final\\Final-Project\\server\\express\\middlewares\\errorHandler.js","statementMap":{"0":{"start":{"line":1,"column":21},"end":{"line":64,"column":1}},"1":{"start":{"line":2,"column":14},"end":{"line":2,"column":16}},"2":{"start":{"line":3,"column":2},"end":{"line":63,"column":3}},"3":{"start":{"line":5,"column":6},"end":{"line":7,"column":9}},"4":{"start":{"line":6,"column":8},"end":{"line":6,"column":30}},"5":{"start":{"line":8,"column":6},"end":{"line":8,"column":53}},"6":{"start":{"line":9,"column":6},"end":{"line":9,"column":12}},"7":{"start":{"line":12,"column":6},"end":{"line":14,"column":9}},"8":{"start":{"line":13,"column":8},"end":{"line":13,"column":30}},"9":{"start":{"line":15,"column":6},"end":{"line":15,"column":53}},"10":{"start":{"line":16,"column":6},"end":{"line":16,"column":12}},"11":{"start":{"line":19,"column":6},"end":{"line":19,"column":53}},"12":{"start":{"line":20,"column":6},"end":{"line":20,"column":12}},"13":{"start":{"line":23,"column":6},"end":{"line":25,"column":9}},"14":{"start":{"line":26,"column":6},"end":{"line":26,"column":12}},"15":{"start":{"line":29,"column":6},"end":{"line":31,"column":9}},"16":{"start":{"line":32,"column":6},"end":{"line":32,"column":12}},"17":{"start":{"line":35,"column":6},"end":{"line":37,"column":9}},"18":{"start":{"line":38,"column":6},"end":{"line":38,"column":12}},"19":{"start":{"line":41,"column":6},"end":{"line":43,"column":9}},"20":{"start":{"line":44,"column":6},"end":{"line":44,"column":12}},"21":{"start":{"line":47,"column":6},"end":{"line":49,"column":9}},"22":{"start":{"line":50,"column":6},"end":{"line":50,"column":12}},"23":{"start":{"line":53,"column":6},"end":{"line":55,"column":9}},"24":{"start":{"line":56,"column":6},"end":{"line":56,"column":12}},"25":{"start":{"line":59,"column":6},"end":{"line":61,"column":9}},"26":{"start":{"line":62,"column":6},"end":{"line":62,"column":12}},"27":{"start":{"line":66,"column":0},"end":{"line":66,"column":30}}},"fnMap":{"0":{"name":"(anonymous_0)","decl":{"start":{"line":1,"column":21},"end":{"line":1,"column":22}},"loc":{"start":{"line":1,"column":46},"end":{"line":64,"column":1}},"line":1},"1":{"name":"(anonymous_1)","decl":{"start":{"line":5,"column":25},"end":{"line":5,"column":26}},"loc":{"start":{"line":5,"column":32},"end":{"line":7,"column":7}},"line":5},"2":{"name":"(anonymous_2)","decl":{"start":{"line":12,"column":25},"end":{"line":12,"column":26}},"loc":{"start":{"line":12,"column":32},"end":{"line":14,"column":7}},"line":12}},"branchMap":{"0":{"loc":{"start":{"line":3,"column":2},"end":{"line":63,"column":3}},"type":"switch","locations":[{"start":{"line":4,"column":4},"end":{"line":9,"column":12}},{"start":{"line":11,"column":4},"end":{"line":16,"column":12}},{"start":{"line":18,"column":4},"end":{"line":20,"column":12}},{"start":{"line":22,"column":4},"end":{"line":26,"column":12}},{"start":{"line":28,"column":4},"end":{"line":32,"column":12}},{"start":{"line":34,"column":4},"end":{"line":38,"column":12}},{"start":{"line":40,"column":4},"end":{"line":44,"column":12}},{"start":{"line":46,"column":4},"end":{"line":50,"column":12}},{"start":{"line":52,"column":4},"end":{"line":56,"column":12}},{"start":{"line":58,"column":4},"end":{"line":62,"column":12}}],"line":3}},"s":{"0":3,"1":22,"2":22,"3":6,"4":24,"5":6,"6":6,"7":1,"8":1,"9":1,"10":1,"11":2,"12":2,"13":2,"14":2,"15":1,"16":1,"17":5,"18":5,"19":2,"20":2,"21":1,"22":1,"23":1,"24":1,"25":1,"26":1,"27":3},"f":{"0":22,"1":24,"2":1},"b":{"0":[6,1,2,2,1,5,2,1,1,1]},"_coverageSchema":"1a1c01bbd47fc00a2c39e90264f33305004495a9","hash":"1d98b3c2fc50a8337624dcdf74de67099f98be24"}
,"C:\\Users\\IvanArifin\\Documents\\Hacktiv8\\p3\\Final\\Final-Project\\server\\express\\models\\follow.js": {"path":"C:\\Users\\IvanArifin\\Documents\\Hacktiv8\\p3\\Final\\Final-Project\\server\\express\\models\\follow.js","statementMap":{"0":{"start":{"line":4,"column":4},"end":{"line":4,"column":24}},"1":{"start":{"line":5,"column":0},"end":{"line":30,"column":2}},"2":{"start":{"line":14,"column":6},"end":{"line":16,"column":8}},"3":{"start":{"line":17,"column":6},"end":{"line":19,"column":8}},"4":{"start":{"line":22,"column":2},"end":{"line":28,"column":5}},"5":{"start":{"line":29,"column":2},"end":{"line":29,"column":16}}},"fnMap":{"0":{"name":"(anonymous_0)","decl":{"start":{"line":5,"column":17},"end":{"line":5,"column":18}},"loc":{"start":{"line":5,"column":43},"end":{"line":30,"column":1}},"line":5},"1":{"name":"(anonymous_1)","decl":{"start":{"line":12,"column":4},"end":{"line":12,"column":5}},"loc":{"start":{"line":12,"column":29},"end":{"line":20,"column":5}},"line":12}},"branchMap":{},"s":{"0":3,"1":3,"2":3,"3":3,"4":3,"5":3},"f":{"0":3,"1":3},"b":{},"_coverageSchema":"1a1c01bbd47fc00a2c39e90264f33305004495a9","hash":"c038a0202d92aefcdc4d0e6465c79d4391e42f37"}
,"C:\\Users\\IvanArifin\\Documents\\Hacktiv8\\p3\\Final\\Final-Project\\server\\express\\models\\game.js": {"path":"C:\\Users\\IvanArifin\\Documents\\Hacktiv8\\p3\\Final\\Final-Project\\server\\express\\models\\game.js","statementMap":{"0":{"start":{"line":2,"column":18},"end":{"line":2,"column":38}},"1":{"start":{"line":3,"column":0},"end":{"line":66,"column":2}},"2":{"start":{"line":12,"column":6},"end":{"line":12,"column":36}},"3":{"start":{"line":13,"column":6},"end":{"line":13,"column":32}},"4":{"start":{"line":16,"column":2},"end":{"line":64,"column":4}},"5":{"start":{"line":65,"column":2},"end":{"line":65,"column":14}}},"fnMap":{"0":{"name":"(anonymous_0)","decl":{"start":{"line":3,"column":17},"end":{"line":3,"column":18}},"loc":{"start":{"line":3,"column":43},"end":{"line":66,"column":1}},"line":3},"1":{"name":"(anonymous_1)","decl":{"start":{"line":10,"column":4},"end":{"line":10,"column":5}},"loc":{"start":{"line":10,"column":29},"end":{"line":14,"column":5}},"line":10}},"branchMap":{},"s":{"0":3,"1":3,"2":3,"3":3,"4":3,"5":3},"f":{"0":3,"1":3},"b":{},"_coverageSchema":"1a1c01bbd47fc00a2c39e90264f33305004495a9","hash":"2837e3d800256db4f56c0108279d6cd3272778bd"}
,"C:\\Users\\IvanArifin\\Documents\\Hacktiv8\\p3\\Final\\Final-Project\\server\\express\\models\\index.js": {"path":"C:\\Users\\IvanArifin\\Documents\\Hacktiv8\\p3\\Final\\Final-Project\\server\\express\\models\\index.js","statementMap":{"0":{"start":{"line":3,"column":11},"end":{"line":3,"column":24}},"1":{"start":{"line":4,"column":13},"end":{"line":4,"column":28}},"2":{"start":{"line":5,"column":18},"end":{"line":5,"column":38}},"3":{"start":{"line":6,"column":16},"end":{"line":6,"column":34}},"4":{"start":{"line":7,"column":17},"end":{"line":7,"column":42}},"5":{"start":{"line":8,"column":12},"end":{"line":8,"column":49}},"6":{"start":{"line":9,"column":15},"end":{"line":9,"column":65}},"7":{"start":{"line":10,"column":11},"end":{"line":10,"column":13}},"8":{"start":{"line":13,"column":0},"end":{"line":17,"column":1}},"9":{"start":{"line":14,"column":2},"end":{"line":14,"column":74}},"10":{"start":{"line":16,"column":2},"end":{"line":16,"column":87}},"11":{"start":{"line":19,"column":0},"end":{"line":27,"column":5}},"12":{"start":{"line":22,"column":4},"end":{"line":22,"column":90}},"13":{"start":{"line":25,"column":18},"end":{"line":25,"column":85}},"14":{"start":{"line":26,"column":4},"end":{"line":26,"column":27}},"15":{"start":{"line":29,"column":0},"end":{"line":33,"column":3}},"16":{"start":{"line":30,"column":2},"end":{"line":32,"column":3}},"17":{"start":{"line":31,"column":4},"end":{"line":31,"column":32}},"18":{"start":{"line":35,"column":0},"end":{"line":35,"column":25}},"19":{"start":{"line":36,"column":0},"end":{"line":36,"column":25}},"20":{"start":{"line":38,"column":0},"end":{"line":38,"column":20}}},"fnMap":{"0":{"name":"(anonymous_0)","decl":{"start":{"line":21,"column":10},"end":{"line":21,"column":11}},"loc":{"start":{"line":21,"column":18},"end":{"line":23,"column":3}},"line":21},"1":{"name":"(anonymous_1)","decl":{"start":{"line":24,"column":11},"end":{"line":24,"column":12}},"loc":{"start":{"line":24,"column":19},"end":{"line":27,"column":3}},"line":24},"2":{"name":"(anonymous_2)","decl":{"start":{"line":29,"column":24},"end":{"line":29,"column":25}},"loc":{"start":{"line":29,"column":37},"end":{"line":33,"column":1}},"line":29}},"branchMap":{"0":{"loc":{"start":{"line":8,"column":12},"end":{"line":8,"column":49}},"type":"binary-expr","locations":[{"start":{"line":8,"column":12},"end":{"line":8,"column":32}},{"start":{"line":8,"column":36},"end":{"line":8,"column":49}}],"line":8},"1":{"loc":{"start":{"line":13,"column":0},"end":{"line":17,"column":1}},"type":"if","locations":[{"start":{"line":13,"column":0},"end":{"line":17,"column":1}},{"start":{"line":15,"column":7},"end":{"line":17,"column":1}}],"line":13},"2":{"loc":{"start":{"line":22,"column":11},"end":{"line":22,"column":89}},"type":"binary-expr","locations":[{"start":{"line":22,"column":12},"end":{"line":22,"column":35}},{"start":{"line":22,"column":41},"end":{"line":22,"column":58}},{"start":{"line":22,"column":64},"end":{"line":22,"column":88}}],"line":22},"3":{"loc":{"start":{"line":30,"column":2},"end":{"line":32,"column":3}},"type":"if","locations":[{"start":{"line":30,"column":2},"end":{"line":32,"column":3}},{"start":{},"end":{}}],"line":30}},"s":{"0":3,"1":3,"2":3,"3":3,"4":3,"5":3,"6":3,"7":3,"8":3,"9":0,"10":3,"11":3,"12":18,"13":15,"14":15,"15":3,"16":15,"17":15,"18":3,"19":3,"20":3},"f":{"0":18,"1":15,"2":15},"b":{"0":[3,0],"1":[0,3],"2":[18,18,15],"3":[15,0]},"_coverageSchema":"1a1c01bbd47fc00a2c39e90264f33305004495a9","hash":"582847fd0bd7726f12c19f7296b9a024918a18bc"}
,"C:\\Users\\IvanArifin\\Documents\\Hacktiv8\\p3\\Final\\Final-Project\\server\\express\\models\\post.js": {"path":"C:\\Users\\IvanArifin\\Documents\\Hacktiv8\\p3\\Final\\Final-Project\\server\\express\\models\\post.js","statementMap":{"0":{"start":{"line":2,"column":18},"end":{"line":2,"column":38}},"1":{"start":{"line":3,"column":0},"end":{"line":58,"column":2}},"2":{"start":{"line":12,"column":6},"end":{"line":12,"column":34}},"3":{"start":{"line":13,"column":6},"end":{"line":13,"column":34}},"4":{"start":{"line":16,"column":2},"end":{"line":56,"column":4}},"5":{"start":{"line":57,"column":2},"end":{"line":57,"column":14}}},"fnMap":{"0":{"name":"(anonymous_0)","decl":{"start":{"line":3,"column":17},"end":{"line":3,"column":18}},"loc":{"start":{"line":3,"column":43},"end":{"line":58,"column":1}},"line":3},"1":{"name":"(anonymous_1)","decl":{"start":{"line":10,"column":4},"end":{"line":10,"column":5}},"loc":{"start":{"line":10,"column":29},"end":{"line":14,"column":5}},"line":10}},"branchMap":{},"s":{"0":3,"1":3,"2":3,"3":3,"4":3,"5":3},"f":{"0":3,"1":3},"b":{},"_coverageSchema":"1a1c01bbd47fc00a2c39e90264f33305004495a9","hash":"624fd0fca4725a7898212e86b4efe170fc76e463"}
,"C:\\Users\\IvanArifin\\Documents\\Hacktiv8\\p3\\Final\\Final-Project\\server\\express\\models\\user.js": {"path":"C:\\Users\\IvanArifin\\Documents\\Hacktiv8\\p3\\Final\\Final-Project\\server\\express\\models\\user.js","statementMap":{"0":{"start":{"line":2,"column":18},"end":{"line":2,"column":38}},"1":{"start":{"line":3,"column":25},"end":{"line":3,"column":53}},"2":{"start":{"line":4,"column":0},"end":{"line":86,"column":2}},"3":{"start":{"line":13,"column":6},"end":{"line":13,"column":36}},"4":{"start":{"line":14,"column":6},"end":{"line":14,"column":32}},"5":{"start":{"line":15,"column":6},"end":{"line":17,"column":9}},"6":{"start":{"line":18,"column":6},"end":{"line":20,"column":9}},"7":{"start":{"line":23,"column":2},"end":{"line":77,"column":4}},"8":{"start":{"line":43,"column":12},"end":{"line":45,"column":13}},"9":{"start":{"line":44,"column":14},"end":{"line":44,"column":58}},"10":{"start":{"line":79,"column":2},"end":{"line":83,"column":5}},"11":{"start":{"line":80,"column":4},"end":{"line":81,"column":130}},"12":{"start":{"line":82,"column":4},"end":{"line":82,"column":56}},"13":{"start":{"line":85,"column":2},"end":{"line":85,"column":14}}},"fnMap":{"0":{"name":"(anonymous_0)","decl":{"start":{"line":4,"column":17},"end":{"line":4,"column":18}},"loc":{"start":{"line":4,"column":43},"end":{"line":86,"column":1}},"line":4},"1":{"name":"(anonymous_1)","decl":{"start":{"line":11,"column":4},"end":{"line":11,"column":5}},"loc":{"start":{"line":11,"column":29},"end":{"line":21,"column":5}},"line":11},"2":{"name":"(anonymous_2)","decl":{"start":{"line":42,"column":10},"end":{"line":42,"column":11}},"loc":{"start":{"line":42,"column":29},"end":{"line":46,"column":11}},"line":42},"3":{"name":"(anonymous_3)","decl":{"start":{"line":79,"column":20},"end":{"line":79,"column":21}},"loc":{"start":{"line":79,"column":34},"end":{"line":83,"column":3}},"line":79}},"branchMap":{"0":{"loc":{"start":{"line":43,"column":12},"end":{"line":45,"column":13}},"type":"if","locations":[{"start":{"line":43,"column":12},"end":{"line":45,"column":13}},{"start":{},"end":{}}],"line":43}},"s":{"0":3,"1":3,"2":3,"3":3,"4":3,"5":3,"6":3,"7":3,"8":11,"9":2,"10":3,"11":7,"12":7,"13":3},"f":{"0":3,"1":3,"2":11,"3":7},"b":{"0":[2,9]},"_coverageSchema":"1a1c01bbd47fc00a2c39e90264f33305004495a9","hash":"df9e7983e8480dca8dfe0b3f5ab07627feabc5c6"}
,"C:\\Users\\IvanArifin\\Documents\\Hacktiv8\\p3\\Final\\Final-Project\\server\\express\\models\\usergame.js": {"path":"C:\\Users\\IvanArifin\\Documents\\Hacktiv8\\p3\\Final\\Final-Project\\server\\express\\models\\usergame.js","statementMap":{"0":{"start":{"line":2,"column":18},"end":{"line":2,"column":38}},"1":{"start":{"line":3,"column":0},"end":{"line":73,"column":2}},"2":{"start":{"line":12,"column":6},"end":{"line":12,"column":38}},"3":{"start":{"line":13,"column":6},"end":{"line":13,"column":38}},"4":{"start":{"line":16,"column":2},"end":{"line":71,"column":4}},"5":{"start":{"line":72,"column":2},"end":{"line":72,"column":18}}},"fnMap":{"0":{"name":"(anonymous_0)","decl":{"start":{"line":3,"column":17},"end":{"line":3,"column":18}},"loc":{"start":{"line":3,"column":43},"end":{"line":73,"column":1}},"line":3},"1":{"name":"(anonymous_1)","decl":{"start":{"line":10,"column":4},"end":{"line":10,"column":5}},"loc":{"start":{"line":10,"column":29},"end":{"line":14,"column":5}},"line":10}},"branchMap":{},"s":{"0":3,"1":3,"2":3,"3":3,"4":3,"5":3},"f":{"0":3,"1":3},"b":{},"_coverageSchema":"1a1c01bbd47fc00a2c39e90264f33305004495a9","hash":"387942da40d2b08a191c6de7552da0ee7bf1a1ae"}
,"C:\\Users\\IvanArifin\\Documents\\Hacktiv8\\p3\\Final\\Final-Project\\server\\express\\routes\\gamesRoute.js": {"path":"C:\\Users\\IvanArifin\\Documents\\Hacktiv8\\p3\\Final\\Final-Project\\server\\express\\routes\\gamesRoute.js","statementMap":{"0":{"start":{"line":1,"column":16},"end":{"line":1,"column":34}},"1":{"start":{"line":2,"column":15},"end":{"line":2,"column":31}},"2":{"start":{"line":3,"column":23},"end":{"line":3,"column":63}},"3":{"start":{"line":5,"column":0},"end":{"line":5,"column":44}},"4":{"start":{"line":6,"column":0},"end":{"line":6,"column":43}},"5":{"start":{"line":8,"column":0},"end":{"line":8,"column":24}}},"fnMap":{},"branchMap":{},"s":{"0":3,"1":3,"2":3,"3":3,"4":3,"5":3},"f":{},"b":{},"_coverageSchema":"1a1c01bbd47fc00a2c39e90264f33305004495a9","hash":"27cc04f2ad5eaa72647c6eea23761133b29ebbcf"}
,"C:\\Users\\IvanArifin\\Documents\\Hacktiv8\\p3\\Final\\Final-Project\\server\\express\\routes\\index.js": {"path":"C:\\Users\\IvanArifin\\Documents\\Hacktiv8\\p3\\Final\\Final-Project\\server\\express\\routes\\index.js","statementMap":{"0":{"start":{"line":1,"column":16},"end":{"line":1,"column":34}},"1":{"start":{"line":2,"column":15},"end":{"line":2,"column":31}},"2":{"start":{"line":3,"column":18},"end":{"line":3,"column":58}},"3":{"start":{"line":4,"column":19},"end":{"line":4,"column":42}},"4":{"start":{"line":5,"column":19},"end":{"line":5,"column":42}},"5":{"start":{"line":6,"column":23},"end":{"line":6,"column":50}},"6":{"start":{"line":7,"column":21},"end":{"line":7,"column":59}},"7":{"start":{"line":9,"column":0},"end":{"line":11,"column":2}},"8":{"start":{"line":10,"column":4},"end":{"line":10,"column":34}},"9":{"start":{"line":12,"column":0},"end":{"line":12,"column":33}},"10":{"start":{"line":13,"column":0},"end":{"line":13,"column":33}},"11":{"start":{"line":14,"column":0},"end":{"line":14,"column":22}},"12":{"start":{"line":15,"column":0},"end":{"line":15,"column":41}},"13":{"start":{"line":17,"column":0},"end":{"line":17,"column":24}},"14":{"start":{"line":19,"column":0},"end":{"line":19,"column":24}}},"fnMap":{"0":{"name":"(anonymous_0)","decl":{"start":{"line":9,"column":16},"end":{"line":9,"column":17}},"loc":{"start":{"line":9,"column":34},"end":{"line":11,"column":1}},"line":9}},"branchMap":{},"s":{"0":3,"1":3,"2":3,"3":3,"4":3,"5":3,"6":3,"7":3,"8":1,"9":3,"10":3,"11":3,"12":3,"13":3,"14":3},"f":{"0":1},"b":{},"_coverageSchema":"1a1c01bbd47fc00a2c39e90264f33305004495a9","hash":"7378d108a11944f1db9286d5c74b268d10c76149"}
,"C:\\Users\\IvanArifin\\Documents\\Hacktiv8\\p3\\Final\\Final-Project\\server\\express\\routes\\userGamesRoute.js": {"path":"C:\\Users\\IvanArifin\\Documents\\Hacktiv8\\p3\\Final\\Final-Project\\server\\express\\routes\\userGamesRoute.js","statementMap":{"0":{"start":{"line":1,"column":16},"end":{"line":1,"column":34}},"1":{"start":{"line":2,"column":15},"end":{"line":2,"column":31}},"2":{"start":{"line":3,"column":27},"end":{"line":3,"column":71}},"3":{"start":{"line":5,"column":0},"end":{"line":5,"column":52}},"4":{"start":{"line":6,"column":0},"end":{"line":6,"column":51}},"5":{"start":{"line":7,"column":0},"end":{"line":7,"column":55}},"6":{"start":{"line":8,"column":0},"end":{"line":8,"column":52}},"7":{"start":{"line":9,"column":0},"end":{"line":9,"column":55}},"8":{"start":{"line":11,"column":0},"end":{"line":11,"column":24}}},"fnMap":{},"branchMap":{},"s":{"0":3,"1":3,"2":3,"3":3,"4":3,"5":3,"6":3,"7":3,"8":3},"f":{},"b":{},"_coverageSchema":"1a1c01bbd47fc00a2c39e90264f33305004495a9","hash":"0ac23d2aafefcf8d5c1268fdee050af92fa9b757"}
,"C:\\Users\\IvanArifin\\Documents\\Hacktiv8\\p3\\Final\\Final-Project\\server\\express\\routes\\usersRoute.js": {"path":"C:\\Users\\IvanArifin\\Documents\\Hacktiv8\\p3\\Final\\Final-Project\\server\\express\\routes\\usersRoute.js","statementMap":{"0":{"start":{"line":1,"column":16},"end":{"line":1,"column":34}},"1":{"start":{"line":2,"column":23},"end":{"line":2,"column":63}},"2":{"start":{"line":3,"column":15},"end":{"line":3,"column":31}},"3":{"start":{"line":4,"column":18},"end":{"line":4,"column":58}},"4":{"start":{"line":6,"column":15},"end":{"line":6,"column":32}},"5":{"start":{"line":7,"column":16},"end":{"line":7,"column":38}},"6":{"start":{"line":8,"column":15},"end":{"line":8,"column":34}},"7":{"start":{"line":10,"column":0},"end":{"line":10,"column":54}},"8":{"start":{"line":11,"column":0},"end":{"line":11,"column":48}},"9":{"start":{"line":12,"column":0},"end":{"line":12,"column":46}},"10":{"start":{"line":13,"column":0},"end":{"line":13,"column":63}},"11":{"start":{"line":14,"column":0},"end":{"line":14,"column":46}},"12":{"start":{"line":16,"column":0},"end":{"line":16,"column":22}},"13":{"start":{"line":18,"column":0},"end":{"line":18,"column":41}},"14":{"start":{"line":19,"column":0},"end":{"line":19,"column":69}},"15":{"start":{"line":20,"column":0},"end":{"line":20,"column":49}},"16":{"start":{"line":21,"column":0},"end":{"line":21,"column":53}},"17":{"start":{"line":22,"column":0},"end":{"line":22,"column":52}},"18":{"start":{"line":23,"column":0},"end":{"line":23,"column":47}},"19":{"start":{"line":24,"column":0},"end":{"line":24,"column":73}},"20":{"start":{"line":25,"column":0},"end":{"line":25,"column":54}},"21":{"start":{"line":26,"column":0},"end":{"line":26,"column":49}},"22":{"start":{"line":27,"column":0},"end":{"line":27,"column":24}}},"fnMap":{},"branchMap":{},"s":{"0":3,"1":3,"2":3,"3":3,"4":3,"5":3,"6":3,"7":3,"8":3,"9":3,"10":3,"11":3,"12":3,"13":3,"14":3,"15":3,"16":3,"17":3,"18":3,"19":3,"20":3,"21":3,"22":3},"f":{},"b":{},"_coverageSchema":"1a1c01bbd47fc00a2c39e90264f33305004495a9","hash":"f7a7d461788b19e3059afff02a80342670057409"}
}
