{"C:\\Users\\IvanArifin\\Documents\\Hacktiv8\\p3\\Final\\Final-Project\\server\\express\\app.js": {"path":"C:\\Users\\IvanArifin\\Documents\\Hacktiv8\\p3\\Final\\Final-Project\\server\\express\\app.js","statementMap":{"0":{"start":{"line":1,"column":0},"end":{"line":3,"column":1}},"1":{"start":{"line":2,"column":2},"end":{"line":2,"column":29}},"2":{"start":{"line":5,"column":16},"end":{"line":5,"column":34}},"3":{"start":{"line":6,"column":12},"end":{"line":6,"column":21}},"4":{"start":{"line":7,"column":13},"end":{"line":7,"column":37}},"5":{"start":{"line":8,"column":15},"end":{"line":8,"column":40}},"6":{"start":{"line":9,"column":13},"end":{"line":9,"column":28}},"7":{"start":{"line":11,"column":0},"end":{"line":11,"column":16}},"8":{"start":{"line":12,"column":0},"end":{"line":12,"column":48}},"9":{"start":{"line":13,"column":0},"end":{"line":13,"column":24}},"10":{"start":{"line":15,"column":0},"end":{"line":15,"column":21}},"11":{"start":{"line":21,"column":0},"end":{"line":21,"column":21}}},"fnMap":{},"branchMap":{"0":{"loc":{"start":{"line":1,"column":0},"end":{"line":3,"column":1}},"type":"if","locations":[{"start":{"line":1,"column":0},"end":{"line":3,"column":1}},{"start":{},"end":{}}],"line":1},"1":{"loc":{"start":{"line":7,"column":13},"end":{"line":7,"column":37}},"type":"binary-expr","locations":[{"start":{"line":7,"column":13},"end":{"line":7,"column":29}},{"start":{"line":7,"column":33},"end":{"line":7,"column":37}}],"line":7}},"s":{"0":3,"1":3,"2":3,"3":3,"4":3,"5":3,"6":3,"7":3,"8":3,"9":3,"10":3,"11":3},"f":{},"b":{"0":[3,0],"1":[3,3]},"_coverageSchema":"1a1c01bbd47fc00a2c39e90264f33305004495a9","hash":"98713f0796443cd6a712de5453b6ed688acf19bb"}
,"C:\\Users\\IvanArifin\\Documents\\Hacktiv8\\p3\\Final\\Final-Project\\server\\express\\controllers\\GameController.js": {"path":"C:\\Users\\IvanArifin\\Documents\\Hacktiv8\\p3\\Final\\Final-Project\\server\\express\\controllers\\GameController.js","statementMap":{"0":{"start":{"line":1,"column":33},"end":{"line":1,"column":59}},"1":{"start":{"line":4,"column":4},"end":{"line":9,"column":5}},"2":{"start":{"line":5,"column":20},"end":{"line":5,"column":40}},"3":{"start":{"line":6,"column":6},"end":{"line":6,"column":34}},"4":{"start":{"line":8,"column":6},"end":{"line":8,"column":18}},"5":{"start":{"line":12,"column":4},"end":{"line":21,"column":5}},"6":{"start":{"line":13,"column":21},"end":{"line":13,"column":31}},"7":{"start":{"line":14,"column":19},"end":{"line":14,"column":42}},"8":{"start":{"line":15,"column":6},"end":{"line":17,"column":7}},"9":{"start":{"line":16,"column":8},"end":{"line":16,"column":36}},"10":{"start":{"line":18,"column":6},"end":{"line":18,"column":33}},"11":{"start":{"line":20,"column":6},"end":{"line":20,"column":18}},"12":{"start":{"line":25,"column":0},"end":{"line":25,"column":32}}},"fnMap":{"0":{"name":"(anonymous_0)","decl":{"start":{"line":3,"column":2},"end":{"line":3,"column":3}},"loc":{"start":{"line":3,"column":43},"end":{"line":10,"column":3}},"line":3},"1":{"name":"(anonymous_1)","decl":{"start":{"line":11,"column":2},"end":{"line":11,"column":3}},"loc":{"start":{"line":11,"column":39},"end":{"line":22,"column":3}},"line":11}},"branchMap":{"0":{"loc":{"start":{"line":15,"column":6},"end":{"line":17,"column":7}},"type":"if","locations":[{"start":{"line":15,"column":6},"end":{"line":17,"column":7}},{"start":{},"end":{}}],"line":15}},"s":{"0":3,"1":1,"2":1,"3":1,"4":0,"5":2,"6":2,"7":2,"8":2,"9":1,"10":1,"11":1,"12":3},"f":{"0":1,"1":2},"b":{"0":[1,1]},"_coverageSchema":"1a1c01bbd47fc00a2c39e90264f33305004495a9","hash":"90f4a629e417421c03cc62eae428af4c104cb425"}
,"C:\\Users\\IvanArifin\\Documents\\Hacktiv8\\p3\\Final\\Final-Project\\server\\express\\controllers\\UserController.js": {"path":"C:\\Users\\IvanArifin\\Documents\\Hacktiv8\\p3\\Final\\Final-Project\\server\\express\\controllers\\UserController.js","statementMap":{"0":{"start":{"line":1,"column":28},"end":{"line":1,"column":56}},"1":{"start":{"line":2,"column":37},"end":{"line":2,"column":62}},"2":{"start":{"line":3,"column":15},"end":{"line":3,"column":35}},"3":{"start":{"line":4,"column":23},"end":{"line":4,"column":49}},"4":{"start":{"line":5,"column":15},"end":{"line":5,"column":39}},"5":{"start":{"line":6,"column":47},"end":{"line":6,"column":73}},"6":{"start":{"line":7,"column":14},"end":{"line":7,"column":30}},"7":{"start":{"line":8,"column":23},"end":{"line":8,"column":38}},"8":{"start":{"line":9,"column":14},"end":{"line":9,"column":30}},"9":{"start":{"line":10,"column":19},"end":{"line":10,"column":43}},"10":{"start":{"line":11,"column":21},"end":{"line":11,"column":38}},"11":{"start":{"line":12,"column":0},"end":{"line":16,"column":3}},"12":{"start":{"line":18,"column":23},"end":{"line":26,"column":1}},"13":{"start":{"line":19,"column":19},"end":{"line":24,"column":4}},"14":{"start":{"line":21,"column":6},"end":{"line":21,"column":24}},"15":{"start":{"line":22,"column":6},"end":{"line":22,"column":22}},"16":{"start":{"line":25,"column":2},"end":{"line":25,"column":18}},"17":{"start":{"line":29,"column":15},"end":{"line":29,"column":23}},"18":{"start":{"line":30,"column":65},"end":{"line":30,"column":73}},"19":{"start":{"line":31,"column":4},"end":{"line":352,"column":5}},"20":{"start":{"line":32,"column":24},"end":{"line":32,"column":46}},"21":{"start":{"line":33,"column":23},"end":{"line":45,"column":8}},"22":{"start":{"line":47,"column":22},"end":{"line":67,"column":7}},"23":{"start":{"line":69,"column":6},"end":{"line":72,"column":36}},"24":{"start":{"line":75,"column":30},"end":{"line":343,"column":7}},"25":{"start":{"line":344,"column":6},"end":{"line":347,"column":36}},"26":{"start":{"line":349,"column":6},"end":{"line":349,"column":39}},"27":{"start":{"line":351,"column":6},"end":{"line":351,"column":18}},"28":{"start":{"line":356,"column":4},"end":{"line":391,"column":5}},"29":{"start":{"line":357,"column":32},"end":{"line":357,"column":40}},"30":{"start":{"line":359,"column":6},"end":{"line":361,"column":7}},"31":{"start":{"line":360,"column":8},"end":{"line":360,"column":38}},"32":{"start":{"line":363,"column":21},"end":{"line":363,"column":61}},"33":{"start":{"line":365,"column":6},"end":{"line":367,"column":7}},"34":{"start":{"line":366,"column":8},"end":{"line":366,"column":39}},"35":{"start":{"line":369,"column":25},"end":{"line":369,"column":69}},"36":{"start":{"line":371,"column":6},"end":{"line":373,"column":7}},"37":{"start":{"line":372,"column":8},"end":{"line":372,"column":39}},"38":{"start":{"line":375,"column":20},"end":{"line":379,"column":7}},"39":{"start":{"line":380,"column":6},"end":{"line":380,"column":75}},"40":{"start":{"line":381,"column":27},"end":{"line":381,"column":47}},"41":{"start":{"line":382,"column":6},"end":{"line":388,"column":9}},"42":{"start":{"line":390,"column":6},"end":{"line":390,"column":18}},"43":{"start":{"line":394,"column":65},"end":{"line":394,"column":73}},"44":{"start":{"line":395,"column":17},"end":{"line":395,"column":27}},"45":{"start":{"line":397,"column":4},"end":{"line":437,"column":5}},"46":{"start":{"line":398,"column":6},"end":{"line":434,"column":7}},"47":{"start":{"line":399,"column":8},"end":{"line":399,"column":79}},"48":{"start":{"line":400,"column":23},"end":{"line":421,"column":9}},"49":{"start":{"line":403,"column":12},"end":{"line":403,"column":56}},"50":{"start":{"line":403,"column":23},"end":{"line":403,"column":56}},"51":{"start":{"line":404,"column":12},"end":{"line":419,"column":13}},"52":{"start":{"line":405,"column":29},"end":{"line":405,"column":46}},"53":{"start":{"line":406,"column":28},"end":{"line":414,"column":15}},"54":{"start":{"line":415,"column":14},"end":{"line":415,"column":60}},"55":{"start":{"line":416,"column":14},"end":{"line":416,"column":75}},"56":{"start":{"line":418,"column":14},"end":{"line":418,"column":26}},"57":{"start":{"line":422,"column":8},"end":{"line":422,"column":44}},"58":{"start":{"line":424,"column":22},"end":{"line":431,"column":9}},"59":{"start":{"line":432,"column":8},"end":{"line":432,"column":54}},"60":{"start":{"line":433,"column":8},"end":{"line":433,"column":69}},"61":{"start":{"line":436,"column":6},"end":{"line":436,"column":18}},"62":{"start":{"line":440,"column":4},"end":{"line":450,"column":5}},"63":{"start":{"line":441,"column":18},"end":{"line":446,"column":8}},"64":{"start":{"line":447,"column":6},"end":{"line":447,"column":34}},"65":{"start":{"line":449,"column":6},"end":{"line":449,"column":18}},"66":{"start":{"line":454,"column":4},"end":{"line":484,"column":5}},"67":{"start":{"line":455,"column":24},"end":{"line":455,"column":26}},"68":{"start":{"line":456,"column":18},"end":{"line":462,"column":8}},"69":{"start":{"line":463,"column":21},"end":{"line":472,"column":7}},"70":{"start":{"line":474,"column":6},"end":{"line":480,"column":9}},"71":{"start":{"line":475,"column":8},"end":{"line":479,"column":11}},"72":{"start":{"line":476,"column":10},"end":{"line":478,"column":11}},"73":{"start":{"line":477,"column":12},"end":{"line":477,"column":66}},"74":{"start":{"line":481,"column":6},"end":{"line":481,"column":40}},"75":{"start":{"line":483,"column":6},"end":{"line":483,"column":18}},"76":{"start":{"line":488,"column":4},"end":{"line":506,"column":5}},"77":{"start":{"line":489,"column":19},"end":{"line":489,"column":29}},"78":{"start":{"line":490,"column":17},"end":{"line":495,"column":8}},"79":{"start":{"line":496,"column":6},"end":{"line":498,"column":7}},"80":{"start":{"line":497,"column":8},"end":{"line":497,"column":36}},"81":{"start":{"line":499,"column":21},"end":{"line":502,"column":8}},"82":{"start":{"line":503,"column":6},"end":{"line":503,"column":47}},"83":{"start":{"line":505,"column":6},"end":{"line":505,"column":18}},"84":{"start":{"line":510,"column":4},"end":{"line":518,"column":5}},"85":{"start":{"line":511,"column":28},"end":{"line":511,"column":38}},"86":{"start":{"line":512,"column":20},"end":{"line":512,"column":42}},"87":{"start":{"line":513,"column":24},"end":{"line":513,"column":73}},"88":{"start":{"line":514,"column":6},"end":{"line":514,"column":69}},"89":{"start":{"line":515,"column":6},"end":{"line":515,"column":69}},"90":{"start":{"line":517,"column":6},"end":{"line":517,"column":18}},"91":{"start":{"line":522,"column":4},"end":{"line":552,"column":5}},"92":{"start":{"line":523,"column":19},"end":{"line":523,"column":29}},"93":{"start":{"line":524,"column":25},"end":{"line":524,"column":66}},"94":{"start":{"line":525,"column":6},"end":{"line":527,"column":7}},"95":{"start":{"line":526,"column":8},"end":{"line":526,"column":39}},"96":{"start":{"line":528,"column":19},"end":{"line":531,"column":8}},"97":{"start":{"line":532,"column":20},"end":{"line":532,"column":36}},"98":{"start":{"line":534,"column":22},"end":{"line":543,"column":7}},"99":{"start":{"line":545,"column":6},"end":{"line":548,"column":36}},"100":{"start":{"line":549,"column":6},"end":{"line":549,"column":35}},"101":{"start":{"line":551,"column":6},"end":{"line":551,"column":18}},"102":{"start":{"line":556,"column":37},"end":{"line":556,"column":45}},"103":{"start":{"line":557,"column":4},"end":{"line":626,"column":5}},"104":{"start":{"line":558,"column":6},"end":{"line":623,"column":7}},"105":{"start":{"line":559,"column":21},"end":{"line":561,"column":21}},"106":{"start":{"line":562,"column":23},"end":{"line":596,"column":9}},"107":{"start":{"line":565,"column":12},"end":{"line":565,"column":56}},"108":{"start":{"line":565,"column":23},"end":{"line":565,"column":56}},"109":{"start":{"line":566,"column":12},"end":{"line":594,"column":13}},"110":{"start":{"line":567,"column":30},"end":{"line":578,"column":15}},"111":{"start":{"line":579,"column":29},"end":{"line":579,"column":57}},"112":{"start":{"line":581,"column":14},"end":{"line":581,"column":36}},"113":{"start":{"line":582,"column":27},"end":{"line":582,"column":44}},"114":{"start":{"line":583,"column":28},"end":{"line":589,"column":15}},"115":{"start":{"line":590,"column":14},"end":{"line":590,"column":41}},"116":{"start":{"line":591,"column":14},"end":{"line":591,"column":72}},"117":{"start":{"line":593,"column":14},"end":{"line":593,"column":26}},"118":{"start":{"line":598,"column":8},"end":{"line":598,"column":44}},"119":{"start":{"line":600,"column":24},"end":{"line":611,"column":9}},"120":{"start":{"line":612,"column":23},"end":{"line":612,"column":51}},"121":{"start":{"line":614,"column":8},"end":{"line":614,"column":30}},"122":{"start":{"line":615,"column":22},"end":{"line":620,"column":9}},"123":{"start":{"line":621,"column":8},"end":{"line":621,"column":35}},"124":{"start":{"line":622,"column":8},"end":{"line":622,"column":66}},"125":{"start":{"line":625,"column":6},"end":{"line":625,"column":18}},"126":{"start":{"line":629,"column":4},"end":{"line":638,"column":5}},"127":{"start":{"line":630,"column":17},"end":{"line":630,"column":49}},"128":{"start":{"line":631,"column":6},"end":{"line":633,"column":7}},"129":{"start":{"line":632,"column":8},"end":{"line":632,"column":41}},"130":{"start":{"line":634,"column":6},"end":{"line":634,"column":76}},"131":{"start":{"line":635,"column":6},"end":{"line":635,"column":64}},"132":{"start":{"line":637,"column":6},"end":{"line":637,"column":18}},"133":{"start":{"line":642,"column":4},"end":{"line":701,"column":5}},"134":{"start":{"line":643,"column":17},"end":{"line":643,"column":25}},"135":{"start":{"line":644,"column":22},"end":{"line":644,"column":68}},"136":{"start":{"line":645,"column":30},"end":{"line":663,"column":8}},"137":{"start":{"line":665,"column":22},"end":{"line":685,"column":7}},"138":{"start":{"line":687,"column":6},"end":{"line":690,"column":36}},"139":{"start":{"line":691,"column":27},"end":{"line":691,"column":55}},"140":{"start":{"line":692,"column":6},"end":{"line":698,"column":9}},"141":{"start":{"line":700,"column":6},"end":{"line":700,"column":18}},"142":{"start":{"line":705,"column":4},"end":{"line":738,"column":5}},"143":{"start":{"line":707,"column":17},"end":{"line":711,"column":8}},"144":{"start":{"line":713,"column":22},"end":{"line":724,"column":7}},"145":{"start":{"line":726,"column":6},"end":{"line":734,"column":9}},"146":{"start":{"line":728,"column":31},"end":{"line":728,"column":48}},"147":{"start":{"line":729,"column":29},"end":{"line":729,"column":53}},"148":{"start":{"line":730,"column":8},"end":{"line":733,"column":11}},"149":{"start":{"line":737,"column":6},"end":{"line":737,"column":18}},"150":{"start":{"line":742,"column":4},"end":{"line":776,"column":5}},"151":{"start":{"line":743,"column":19},"end":{"line":743,"column":27}},"152":{"start":{"line":744,"column":21},"end":{"line":744,"column":29}},"153":{"start":{"line":749,"column":6},"end":{"line":749,"column":64}},"154":{"start":{"line":750,"column":22},"end":{"line":767,"column":7}},"155":{"start":{"line":769,"column":6},"end":{"line":772,"column":36}},"156":{"start":{"line":773,"column":6},"end":{"line":773,"column":67}},"157":{"start":{"line":775,"column":6},"end":{"line":775,"column":18}},"158":{"start":{"line":780,"column":4},"end":{"line":788,"column":5}},"159":{"start":{"line":781,"column":18},"end":{"line":784,"column":8}},"160":{"start":{"line":785,"column":6},"end":{"line":785,"column":34}},"161":{"start":{"line":787,"column":6},"end":{"line":787,"column":18}},"162":{"start":{"line":792,"column":4},"end":{"line":806,"column":5}},"163":{"start":{"line":793,"column":19},"end":{"line":793,"column":29}},"164":{"start":{"line":794,"column":17},"end":{"line":794,"column":40}},"165":{"start":{"line":795,"column":6},"end":{"line":797,"column":7}},"166":{"start":{"line":796,"column":8},"end":{"line":796,"column":36}},"167":{"start":{"line":798,"column":21},"end":{"line":802,"column":8}},"168":{"start":{"line":803,"column":6},"end":{"line":803,"column":37}},"169":{"start":{"line":805,"column":6},"end":{"line":805,"column":18}},"170":{"start":{"line":810,"column":4},"end":{"line":816,"column":5}},"171":{"start":{"line":811,"column":19},"end":{"line":811,"column":29}},"172":{"start":{"line":812,"column":6},"end":{"line":812,"column":44}},"173":{"start":{"line":813,"column":6},"end":{"line":813,"column":66}},"174":{"start":{"line":815,"column":6},"end":{"line":815,"column":18}},"175":{"start":{"line":820,"column":0},"end":{"line":820,"column":32}}},"fnMap":{"0":{"name":"(anonymous_0)","decl":{"start":{"line":18,"column":23},"end":{"line":18,"column":24}},"loc":{"start":{"line":18,"column":35},"end":{"line":26,"column":1}},"line":18},"1":{"name":"(anonymous_1)","decl":{"start":{"line":20,"column":4},"end":{"line":20,"column":5}},"loc":{"start":{"line":20,"column":11},"end":{"line":23,"column":5}},"line":20},"2":{"name":"(anonymous_2)","decl":{"start":{"line":28,"column":2},"end":{"line":28,"column":3}},"loc":{"start":{"line":28,"column":44},"end":{"line":353,"column":3}},"line":28},"3":{"name":"(anonymous_3)","decl":{"start":{"line":71,"column":14},"end":{"line":71,"column":15}},"loc":{"start":{"line":71,"column":34},"end":{"line":71,"column":36}},"line":71},"4":{"name":"(anonymous_4)","decl":{"start":{"line":72,"column":15},"end":{"line":72,"column":16}},"loc":{"start":{"line":72,"column":32},"end":{"line":72,"column":34}},"line":72},"5":{"name":"(anonymous_5)","decl":{"start":{"line":346,"column":14},"end":{"line":346,"column":15}},"loc":{"start":{"line":346,"column":34},"end":{"line":346,"column":36}},"line":346},"6":{"name":"(anonymous_6)","decl":{"start":{"line":347,"column":15},"end":{"line":347,"column":16}},"loc":{"start":{"line":347,"column":32},"end":{"line":347,"column":34}},"line":347},"7":{"name":"(anonymous_7)","decl":{"start":{"line":355,"column":2},"end":{"line":355,"column":3}},"loc":{"start":{"line":355,"column":41},"end":{"line":392,"column":3}},"line":355},"8":{"name":"(anonymous_8)","decl":{"start":{"line":393,"column":2},"end":{"line":393,"column":3}},"loc":{"start":{"line":393,"column":40},"end":{"line":438,"column":3}},"line":393},"9":{"name":"(anonymous_9)","decl":{"start":{"line":402,"column":10},"end":{"line":402,"column":11}},"loc":{"start":{"line":402,"column":35},"end":{"line":420,"column":11}},"line":402},"10":{"name":"(anonymous_10)","decl":{"start":{"line":439,"column":2},"end":{"line":439,"column":3}},"loc":{"start":{"line":439,"column":40},"end":{"line":451,"column":3}},"line":439},"11":{"name":"(anonymous_11)","decl":{"start":{"line":453,"column":2},"end":{"line":453,"column":3}},"loc":{"start":{"line":453,"column":46},"end":{"line":485,"column":3}},"line":453},"12":{"name":"(anonymous_12)","decl":{"start":{"line":474,"column":20},"end":{"line":474,"column":21}},"loc":{"start":{"line":474,"column":30},"end":{"line":480,"column":7}},"line":474},"13":{"name":"(anonymous_13)","decl":{"start":{"line":475,"column":26},"end":{"line":475,"column":27}},"loc":{"start":{"line":475,"column":36},"end":{"line":479,"column":9}},"line":475},"14":{"name":"(anonymous_14)","decl":{"start":{"line":487,"column":2},"end":{"line":487,"column":3}},"loc":{"start":{"line":487,"column":45},"end":{"line":507,"column":3}},"line":487},"15":{"name":"(anonymous_15)","decl":{"start":{"line":509,"column":2},"end":{"line":509,"column":3}},"loc":{"start":{"line":509,"column":45},"end":{"line":519,"column":3}},"line":509},"16":{"name":"(anonymous_16)","decl":{"start":{"line":521,"column":2},"end":{"line":521,"column":3}},"loc":{"start":{"line":521,"column":42},"end":{"line":553,"column":3}},"line":521},"17":{"name":"(anonymous_17)","decl":{"start":{"line":547,"column":14},"end":{"line":547,"column":15}},"loc":{"start":{"line":547,"column":34},"end":{"line":547,"column":36}},"line":547},"18":{"name":"(anonymous_18)","decl":{"start":{"line":548,"column":15},"end":{"line":548,"column":16}},"loc":{"start":{"line":548,"column":32},"end":{"line":548,"column":34}},"line":548},"19":{"name":"(anonymous_19)","decl":{"start":{"line":555,"column":2},"end":{"line":555,"column":3}},"loc":{"start":{"line":555,"column":39},"end":{"line":627,"column":3}},"line":555},"20":{"name":"(anonymous_20)","decl":{"start":{"line":564,"column":10},"end":{"line":564,"column":11}},"loc":{"start":{"line":564,"column":35},"end":{"line":595,"column":11}},"line":564},"21":{"name":"(anonymous_21)","decl":{"start":{"line":628,"column":2},"end":{"line":628,"column":3}},"loc":{"start":{"line":628,"column":42},"end":{"line":639,"column":3}},"line":628},"22":{"name":"(anonymous_22)","decl":{"start":{"line":641,"column":2},"end":{"line":641,"column":3}},"loc":{"start":{"line":641,"column":38},"end":{"line":702,"column":3}},"line":641},"23":{"name":"(anonymous_23)","decl":{"start":{"line":689,"column":14},"end":{"line":689,"column":15}},"loc":{"start":{"line":689,"column":34},"end":{"line":689,"column":36}},"line":689},"24":{"name":"(anonymous_24)","decl":{"start":{"line":690,"column":15},"end":{"line":690,"column":16}},"loc":{"start":{"line":690,"column":32},"end":{"line":690,"column":34}},"line":690},"25":{"name":"(anonymous_25)","decl":{"start":{"line":704,"column":2},"end":{"line":704,"column":3}},"loc":{"start":{"line":704,"column":43},"end":{"line":739,"column":3}},"line":704},"26":{"name":"(anonymous_26)","decl":{"start":{"line":726,"column":45},"end":{"line":726,"column":46}},"loc":{"start":{"line":726,"column":62},"end":{"line":734,"column":7}},"line":726},"27":{"name":"(anonymous_27)","decl":{"start":{"line":741,"column":2},"end":{"line":741,"column":3}},"loc":{"start":{"line":741,"column":39},"end":{"line":777,"column":3}},"line":741},"28":{"name":"(anonymous_28)","decl":{"start":{"line":771,"column":14},"end":{"line":771,"column":15}},"loc":{"start":{"line":771,"column":34},"end":{"line":771,"column":36}},"line":771},"29":{"name":"(anonymous_29)","decl":{"start":{"line":772,"column":15},"end":{"line":772,"column":16}},"loc":{"start":{"line":772,"column":32},"end":{"line":772,"column":34}},"line":772},"30":{"name":"(anonymous_30)","decl":{"start":{"line":779,"column":2},"end":{"line":779,"column":3}},"loc":{"start":{"line":779,"column":40},"end":{"line":789,"column":3}},"line":779},"31":{"name":"(anonymous_31)","decl":{"start":{"line":791,"column":2},"end":{"line":791,"column":3}},"loc":{"start":{"line":791,"column":48},"end":{"line":807,"column":3}},"line":791},"32":{"name":"(anonymous_32)","decl":{"start":{"line":809,"column":2},"end":{"line":809,"column":3}},"loc":{"start":{"line":809,"column":42},"end":{"line":817,"column":3}},"line":809}},"branchMap":{"0":{"loc":{"start":{"line":359,"column":6},"end":{"line":361,"column":7}},"type":"if","locations":[{"start":{"line":359,"column":6},"end":{"line":361,"column":7}},{"start":{},"end":{}}],"line":359},"1":{"loc":{"start":{"line":359,"column":10},"end":{"line":359,"column":29}},"type":"binary-expr","locations":[{"start":{"line":359,"column":10},"end":{"line":359,"column":16}},{"start":{"line":359,"column":20},"end":{"line":359,"column":29}}],"line":359},"2":{"loc":{"start":{"line":365,"column":6},"end":{"line":367,"column":7}},"type":"if","locations":[{"start":{"line":365,"column":6},"end":{"line":367,"column":7}},{"start":{},"end":{}}],"line":365},"3":{"loc":{"start":{"line":365,"column":10},"end":{"line":365,"column":40}},"type":"binary-expr","locations":[{"start":{"line":365,"column":10},"end":{"line":365,"column":19}},{"start":{"line":365,"column":23},"end":{"line":365,"column":40}}],"line":365},"4":{"loc":{"start":{"line":371,"column":6},"end":{"line":373,"column":7}},"type":"if","locations":[{"start":{"line":371,"column":6},"end":{"line":373,"column":7}},{"start":{},"end":{}}],"line":371},"5":{"loc":{"start":{"line":398,"column":6},"end":{"line":434,"column":7}},"type":"if","locations":[{"start":{"line":398,"column":6},"end":{"line":434,"column":7}},{"start":{"line":423,"column":13},"end":{"line":434,"column":7}}],"line":398},"6":{"loc":{"start":{"line":403,"column":12},"end":{"line":403,"column":56}},"type":"if","locations":[{"start":{"line":403,"column":12},"end":{"line":403,"column":56}},{"start":{},"end":{}}],"line":403},"7":{"loc":{"start":{"line":476,"column":10},"end":{"line":478,"column":11}},"type":"if","locations":[{"start":{"line":476,"column":10},"end":{"line":478,"column":11}},{"start":{},"end":{}}],"line":476},"8":{"loc":{"start":{"line":496,"column":6},"end":{"line":498,"column":7}},"type":"if","locations":[{"start":{"line":496,"column":6},"end":{"line":498,"column":7}},{"start":{},"end":{}}],"line":496},"9":{"loc":{"start":{"line":525,"column":6},"end":{"line":527,"column":7}},"type":"if","locations":[{"start":{"line":525,"column":6},"end":{"line":527,"column":7}},{"start":{},"end":{}}],"line":525},"10":{"loc":{"start":{"line":558,"column":6},"end":{"line":623,"column":7}},"type":"if","locations":[{"start":{"line":558,"column":6},"end":{"line":623,"column":7}},{"start":{"line":599,"column":13},"end":{"line":623,"column":7}}],"line":558},"11":{"loc":{"start":{"line":565,"column":12},"end":{"line":565,"column":56}},"type":"if","locations":[{"start":{"line":565,"column":12},"end":{"line":565,"column":56}},{"start":{},"end":{}}],"line":565},"12":{"loc":{"start":{"line":631,"column":6},"end":{"line":633,"column":7}},"type":"if","locations":[{"start":{"line":631,"column":6},"end":{"line":633,"column":7}},{"start":{},"end":{}}],"line":631},"13":{"loc":{"start":{"line":795,"column":6},"end":{"line":797,"column":7}},"type":"if","locations":[{"start":{"line":795,"column":6},"end":{"line":797,"column":7}},{"start":{},"end":{}}],"line":795}},"s":{"0":3,"1":3,"2":3,"3":3,"4":3,"5":3,"6":3,"7":3,"8":3,"9":3,"10":3,"11":3,"12":3,"13":2,"14":2,"15":2,"16":2,"17":8,"18":8,"19":8,"20":8,"21":8,"22":1,"23":1,"24":1,"25":1,"26":1,"27":7,"28":5,"29":5,"30":5,"31":2,"32":3,"33":3,"34":1,"35":2,"36":2,"37":1,"38":1,"39":1,"40":1,"41":1,"42":4,"43":1,"44":1,"45":1,"46":1,"47":1,"48":1,"49":1,"50":0,"51":1,"52":1,"53":1,"54":1,"55":1,"56":0,"57":1,"58":0,"59":0,"60":0,"61":0,"62":2,"63":2,"64":1,"65":1,"66":2,"67":2,"68":2,"69":1,"70":1,"71":0,"72":0,"73":0,"74":1,"75":1,"76":2,"77":2,"78":2,"79":2,"80":1,"81":1,"82":1,"83":1,"84":2,"85":2,"86":2,"87":1,"88":1,"89":1,"90":1,"91":2,"92":2,"93":2,"94":2,"95":1,"96":1,"97":1,"98":1,"99":1,"100":1,"101":1,"102":1,"103":1,"104":1,"105":1,"106":1,"107":1,"108":0,"109":1,"110":1,"111":1,"112":1,"113":1,"114":1,"115":1,"116":1,"117":0,"118":1,"119":0,"120":0,"121":0,"122":0,"123":0,"124":0,"125":0,"126":2,"127":2,"128":2,"129":1,"130":1,"131":1,"132":1,"133":2,"134":2,"135":2,"136":1,"137":1,"138":1,"139":1,"140":1,"141":1,"142":1,"143":1,"144":1,"145":1,"146":1,"147":1,"148":1,"149":0,"150":2,"151":2,"152":2,"153":2,"154":1,"155":1,"156":1,"157":1,"158":2,"159":2,"160":1,"161":1,"162":2,"163":2,"164":2,"165":2,"166":1,"167":1,"168":1,"169":1,"170":2,"171":2,"172":2,"173":1,"174":1,"175":3},"f":{"0":2,"1":2,"2":8,"3":1,"4":0,"5":1,"6":0,"7":5,"8":1,"9":1,"10":2,"11":2,"12":0,"13":0,"14":2,"15":2,"16":2,"17":0,"18":0,"19":1,"20":1,"21":2,"22":2,"23":1,"24":0,"25":1,"26":1,"27":2,"28":0,"29":0,"30":2,"31":2,"32":2},"b":{"0":[2,3],"1":[5,4],"2":[1,2],"3":[3,2],"4":[1,1],"5":[1,0],"6":[0,1],"7":[0,0],"8":[1,1],"9":[1,1],"10":[1,0],"11":[0,1],"12":[1,1],"13":[1,1]},"_coverageSchema":"1a1c01bbd47fc00a2c39e90264f33305004495a9","hash":"38b4e24fd1c157244022204f5b11d1152c052725"}
,"C:\\Users\\IvanArifin\\Documents\\Hacktiv8\\p3\\Final\\Final-Project\\server\\express\\controllers\\UserGameController.js": {"path":"C:\\Users\\IvanArifin\\Documents\\Hacktiv8\\p3\\Final\\Final-Project\\server\\express\\controllers\\UserGameController.js","statementMap":{"0":{"start":{"line":1,"column":15},"end":{"line":1,"column":35}},"1":{"start":{"line":2,"column":44},"end":{"line":2,"column":70}},"2":{"start":{"line":6,"column":4},"end":{"line":15,"column":5}},"3":{"start":{"line":7,"column":21},"end":{"line":7,"column":29}},"4":{"start":{"line":8,"column":24},"end":{"line":11,"column":8}},"5":{"start":{"line":12,"column":6},"end":{"line":12,"column":38}},"6":{"start":{"line":14,"column":6},"end":{"line":14,"column":18}},"7":{"start":{"line":18,"column":4},"end":{"line":28,"column":5}},"8":{"start":{"line":19,"column":21},"end":{"line":19,"column":31}},"9":{"start":{"line":20,"column":23},"end":{"line":23,"column":8}},"10":{"start":{"line":24,"column":6},"end":{"line":24,"column":49}},"11":{"start":{"line":24,"column":21},"end":{"line":24,"column":49}},"12":{"start":{"line":25,"column":6},"end":{"line":25,"column":37}},"13":{"start":{"line":27,"column":6},"end":{"line":27,"column":18}},"14":{"start":{"line":31,"column":4},"end":{"line":57,"column":5}},"15":{"start":{"line":32,"column":21},"end":{"line":32,"column":32}},"16":{"start":{"line":33,"column":21},"end":{"line":33,"column":34}},"17":{"start":{"line":34,"column":17},"end":{"line":34,"column":44}},"18":{"start":{"line":35,"column":6},"end":{"line":37,"column":7}},"19":{"start":{"line":36,"column":8},"end":{"line":36,"column":36}},"20":{"start":{"line":38,"column":49},"end":{"line":38,"column":57}},"21":{"start":{"line":39,"column":34},"end":{"line":50,"column":8}},"22":{"start":{"line":51,"column":6},"end":{"line":51,"column":54}},"23":{"start":{"line":51,"column":20},"end":{"line":51,"column":54}},"24":{"start":{"line":52,"column":6},"end":{"line":54,"column":72}},"25":{"start":{"line":56,"column":6},"end":{"line":56,"column":18}},"26":{"start":{"line":60,"column":4},"end":{"line":81,"column":5}},"27":{"start":{"line":61,"column":21},"end":{"line":61,"column":31}},"28":{"start":{"line":62,"column":49},"end":{"line":62,"column":57}},"29":{"start":{"line":63,"column":21},"end":{"line":63,"column":48}},"30":{"start":{"line":64,"column":6},"end":{"line":64,"column":49}},"31":{"start":{"line":64,"column":21},"end":{"line":64,"column":49}},"32":{"start":{"line":65,"column":6},"end":{"line":77,"column":8}},"33":{"start":{"line":78,"column":6},"end":{"line":78,"column":72}},"34":{"start":{"line":80,"column":6},"end":{"line":80,"column":18}},"35":{"start":{"line":85,"column":4},"end":{"line":117,"column":5}},"36":{"start":{"line":86,"column":29},"end":{"line":86,"column":37}},"37":{"start":{"line":87,"column":29},"end":{"line":87,"column":39}},"38":{"start":{"line":88,"column":23},"end":{"line":91,"column":8}},"39":{"start":{"line":92,"column":6},"end":{"line":94,"column":7}},"40":{"start":{"line":93,"column":8},"end":{"line":93,"column":44}},"41":{"start":{"line":95,"column":23},"end":{"line":99,"column":7}},"42":{"start":{"line":100,"column":6},"end":{"line":103,"column":10}},"43":{"start":{"line":101,"column":8},"end":{"line":103,"column":10}},"44":{"start":{"line":105,"column":27},"end":{"line":110,"column":8}},"45":{"start":{"line":111,"column":6},"end":{"line":111,"column":71}},"46":{"start":{"line":111,"column":35},"end":{"line":111,"column":71}},"47":{"start":{"line":112,"column":6},"end":{"line":114,"column":75}},"48":{"start":{"line":116,"column":6},"end":{"line":116,"column":18}},"49":{"start":{"line":121,"column":0},"end":{"line":121,"column":36}}},"fnMap":{"0":{"name":"(anonymous_0)","decl":{"start":{"line":5,"column":2},"end":{"line":5,"column":3}},"loc":{"start":{"line":5,"column":47},"end":{"line":16,"column":3}},"line":5},"1":{"name":"(anonymous_1)","decl":{"start":{"line":17,"column":2},"end":{"line":17,"column":3}},"loc":{"start":{"line":17,"column":43},"end":{"line":29,"column":3}},"line":17},"2":{"name":"(anonymous_2)","decl":{"start":{"line":30,"column":2},"end":{"line":30,"column":3}},"loc":{"start":{"line":30,"column":46},"end":{"line":58,"column":3}},"line":30},"3":{"name":"(anonymous_3)","decl":{"start":{"line":59,"column":2},"end":{"line":59,"column":3}},"loc":{"start":{"line":59,"column":44},"end":{"line":82,"column":3}},"line":59},"4":{"name":"(anonymous_4)","decl":{"start":{"line":84,"column":2},"end":{"line":84,"column":3}},"loc":{"start":{"line":84,"column":41},"end":{"line":118,"column":3}},"line":84}},"branchMap":{"0":{"loc":{"start":{"line":24,"column":6},"end":{"line":24,"column":49}},"type":"if","locations":[{"start":{"line":24,"column":6},"end":{"line":24,"column":49}},{"start":{},"end":{}}],"line":24},"1":{"loc":{"start":{"line":35,"column":6},"end":{"line":37,"column":7}},"type":"if","locations":[{"start":{"line":35,"column":6},"end":{"line":37,"column":7}},{"start":{},"end":{}}],"line":35},"2":{"loc":{"start":{"line":51,"column":6},"end":{"line":51,"column":54}},"type":"if","locations":[{"start":{"line":51,"column":6},"end":{"line":51,"column":54}},{"start":{},"end":{}}],"line":51},"3":{"loc":{"start":{"line":64,"column":6},"end":{"line":64,"column":49}},"type":"if","locations":[{"start":{"line":64,"column":6},"end":{"line":64,"column":49}},{"start":{},"end":{}}],"line":64},"4":{"loc":{"start":{"line":92,"column":6},"end":{"line":94,"column":7}},"type":"if","locations":[{"start":{"line":92,"column":6},"end":{"line":94,"column":7}},{"start":{},"end":{}}],"line":92},"5":{"loc":{"start":{"line":100,"column":6},"end":{"line":103,"column":10}},"type":"if","locations":[{"start":{"line":100,"column":6},"end":{"line":103,"column":10}},{"start":{},"end":{}}],"line":100},"6":{"loc":{"start":{"line":111,"column":6},"end":{"line":111,"column":71}},"type":"if","locations":[{"start":{"line":111,"column":6},"end":{"line":111,"column":71}},{"start":{},"end":{}}],"line":111}},"s":{"0":3,"1":3,"2":1,"3":1,"4":1,"5":1,"6":0,"7":2,"8":2,"9":2,"10":2,"11":1,"12":1,"13":1,"14":3,"15":3,"16":3,"17":3,"18":3,"19":1,"20":2,"21":2,"22":2,"23":1,"24":1,"25":2,"26":2,"27":2,"28":2,"29":2,"30":2,"31":1,"32":1,"33":1,"34":1,"35":2,"36":2,"37":2,"38":2,"39":2,"40":1,"41":1,"42":1,"43":1,"44":1,"45":1,"46":0,"47":1,"48":1,"49":3},"f":{"0":1,"1":2,"2":3,"3":2,"4":2},"b":{"0":[1,1],"1":[1,2],"2":[1,1],"3":[1,1],"4":[1,1],"5":[1,0],"6":[0,1]},"_coverageSchema":"1a1c01bbd47fc00a2c39e90264f33305004495a9","hash":"a1479275f8f53e2d91ad09ef5d4b929280f6cf98"}
,"C:\\Users\\IvanArifin\\Documents\\Hacktiv8\\p3\\Final\\Final-Project\\server\\express\\helpers\\bcrypt.js": {"path":"C:\\Users\\IvanArifin\\Documents\\Hacktiv8\\p3\\Final\\Final-Project\\server\\express\\helpers\\bcrypt.js","statementMap":{"0":{"start":{"line":1,"column":15},"end":{"line":1,"column":34}},"1":{"start":{"line":2,"column":13},"end":{"line":2,"column":35}},"2":{"start":{"line":4,"column":21},"end":{"line":4,"column":66}},"3":{"start":{"line":4,"column":35},"end":{"line":4,"column":66}},"4":{"start":{"line":5,"column":24},"end":{"line":6,"column":46}},"5":{"start":{"line":6,"column":2},"end":{"line":6,"column":46}},"6":{"start":{"line":8,"column":0},"end":{"line":11,"column":2}}},"fnMap":{"0":{"name":"(anonymous_0)","decl":{"start":{"line":4,"column":21},"end":{"line":4,"column":22}},"loc":{"start":{"line":4,"column":35},"end":{"line":4,"column":66}},"line":4},"1":{"name":"(anonymous_1)","decl":{"start":{"line":5,"column":24},"end":{"line":5,"column":25}},"loc":{"start":{"line":6,"column":2},"end":{"line":6,"column":46}},"line":6}},"branchMap":{},"s":{"0":3,"1":3,"2":3,"3":7,"4":3,"5":2,"6":3},"f":{"0":7,"1":2},"b":{},"_coverageSchema":"1a1c01bbd47fc00a2c39e90264f33305004495a9","hash":"2de7f821b498fa79aa1bdc53b4cca00d12f243a2"}
,"C:\\Users\\IvanArifin\\Documents\\Hacktiv8\\p3\\Final\\Final-Project\\server\\express\\helpers\\jwt.js": {"path":"C:\\Users\\IvanArifin\\Documents\\Hacktiv8\\p3\\Final\\Final-Project\\server\\express\\helpers\\jwt.js","statementMap":{"0":{"start":{"line":1,"column":12},"end":{"line":1,"column":35}},"1":{"start":{"line":3,"column":20},"end":{"line":3,"column":60}},"2":{"start":{"line":3,"column":33},"end":{"line":3,"column":60}},"3":{"start":{"line":4,"column":20},"end":{"line":4,"column":58}},"4":{"start":{"line":4,"column":31},"end":{"line":4,"column":58}},"5":{"start":{"line":6,"column":0},"end":{"line":6,"column":46}}},"fnMap":{"0":{"name":"(anonymous_0)","decl":{"start":{"line":3,"column":20},"end":{"line":3,"column":21}},"loc":{"start":{"line":3,"column":33},"end":{"line":3,"column":60}},"line":3},"1":{"name":"(anonymous_1)","decl":{"start":{"line":4,"column":20},"end":{"line":4,"column":21}},"loc":{"start":{"line":4,"column":31},"end":{"line":4,"column":58}},"line":4}},"branchMap":{},"s":{"0":3,"1":3,"2":19,"3":3,"4":36,"5":3},"f":{"0":19,"1":36},"b":{},"_coverageSchema":"1a1c01bbd47fc00a2c39e90264f33305004495a9","hash":"9bd33b0a9125022ace2593bdd358a08646cab134"}
,"C:\\Users\\IvanArifin\\Documents\\Hacktiv8\\p3\\Final\\Final-Project\\server\\express\\lib\\Google.js": {"path":"C:\\Users\\IvanArifin\\Documents\\Hacktiv8\\p3\\Final\\Final-Project\\server\\express\\lib\\Google.js","statementMap":{"0":{"start":{"line":1,"column":25},"end":{"line":1,"column":55}},"1":{"start":{"line":5,"column":19},"end":{"line":5,"column":58}},"2":{"start":{"line":6,"column":19},"end":{"line":9,"column":6}},"3":{"start":{"line":10,"column":20},"end":{"line":10,"column":39}},"4":{"start":{"line":11,"column":4},"end":{"line":11,"column":18}},"5":{"start":{"line":15,"column":0},"end":{"line":15,"column":24}}},"fnMap":{"0":{"name":"(anonymous_0)","decl":{"start":{"line":4,"column":2},"end":{"line":4,"column":3}},"loc":{"start":{"line":4,"column":37},"end":{"line":12,"column":3}},"line":4}},"branchMap":{},"s":{"0":3,"1":1,"2":1,"3":0,"4":0,"5":3},"f":{"0":1},"b":{},"_coverageSchema":"1a1c01bbd47fc00a2c39e90264f33305004495a9","hash":"67c45d1fc058d664fa059ac39d3e54a2e20345ac"}
,"C:\\Users\\IvanArifin\\Documents\\Hacktiv8\\p3\\Final\\Final-Project\\server\\express\\middlewares\\authentication.js": {"path":"C:\\Users\\IvanArifin\\Documents\\Hacktiv8\\p3\\Final\\Final-Project\\server\\express\\middlewares\\authentication.js","statementMap":{"0":{"start":{"line":1,"column":24},"end":{"line":1,"column":49}},"1":{"start":{"line":2,"column":17},"end":{"line":2,"column":43}},"2":{"start":{"line":4,"column":18},"end":{"line":31,"column":1}},"3":{"start":{"line":5,"column":2},"end":{"line":30,"column":3}},"4":{"start":{"line":6,"column":27},"end":{"line":6,"column":38}},"5":{"start":{"line":7,"column":4},"end":{"line":9,"column":5}},"6":{"start":{"line":8,"column":6},"end":{"line":8,"column":39}},"7":{"start":{"line":11,"column":26},"end":{"line":11,"column":51}},"8":{"start":{"line":22,"column":4},"end":{"line":26,"column":6}},"9":{"start":{"line":27,"column":4},"end":{"line":27,"column":11}},"10":{"start":{"line":29,"column":4},"end":{"line":29,"column":16}},"11":{"start":{"line":33,"column":0},"end":{"line":33,"column":27}}},"fnMap":{"0":{"name":"(anonymous_0)","decl":{"start":{"line":4,"column":18},"end":{"line":4,"column":19}},"loc":{"start":{"line":4,"column":43},"end":{"line":31,"column":1}},"line":4}},"branchMap":{"0":{"loc":{"start":{"line":7,"column":4},"end":{"line":9,"column":5}},"type":"if","locations":[{"start":{"line":7,"column":4},"end":{"line":9,"column":5}},{"start":{},"end":{}}],"line":7}},"s":{"0":3,"1":3,"2":3,"3":31,"4":31,"5":31,"6":1,"7":30,"8":29,"9":29,"10":2,"11":3},"f":{"0":31},"b":{"0":[1,30]},"_coverageSchema":"1a1c01bbd47fc00a2c39e90264f33305004495a9","hash":"98c19a5c56effc745d2dac6428917204a8555309"}
,"C:\\Users\\IvanArifin\\Documents\\Hacktiv8\\p3\\Final\\Final-Project\\server\\express\\middlewares\\authorizeDeletePost.js": {"path":"C:\\Users\\IvanArifin\\Documents\\Hacktiv8\\p3\\Final\\Final-Project\\server\\express\\middlewares\\authorizeDeletePost.js","statementMap":{"0":{"start":{"line":1,"column":17},"end":{"line":1,"column":37}},"1":{"start":{"line":2,"column":24},"end":{"line":2,"column":49}},"2":{"start":{"line":4,"column":22},"end":{"line":20,"column":1}},"3":{"start":{"line":5,"column":2},"end":{"line":19,"column":3}},"4":{"start":{"line":6,"column":27},"end":{"line":6,"column":38}},"5":{"start":{"line":7,"column":17},"end":{"line":7,"column":27}},"6":{"start":{"line":8,"column":18},"end":{"line":8,"column":43}},"7":{"start":{"line":9,"column":18},"end":{"line":9,"column":41}},"8":{"start":{"line":10,"column":4},"end":{"line":12,"column":7}},"9":{"start":{"line":11,"column":8},"end":{"line":11,"column":36}},"10":{"start":{"line":13,"column":4},"end":{"line":15,"column":5}},"11":{"start":{"line":14,"column":6},"end":{"line":14,"column":37}},"12":{"start":{"line":16,"column":4},"end":{"line":16,"column":11}},"13":{"start":{"line":18,"column":4},"end":{"line":18,"column":16}},"14":{"start":{"line":22,"column":0},"end":{"line":22,"column":31}}},"fnMap":{"0":{"name":"(anonymous_0)","decl":{"start":{"line":4,"column":22},"end":{"line":4,"column":23}},"loc":{"start":{"line":4,"column":48},"end":{"line":20,"column":1}},"line":4}},"branchMap":{"0":{"loc":{"start":{"line":10,"column":4},"end":{"line":12,"column":7}},"type":"if","locations":[{"start":{"line":10,"column":4},"end":{"line":12,"column":7}},{"start":{},"end":{}}],"line":10},"1":{"loc":{"start":{"line":13,"column":4},"end":{"line":15,"column":5}},"type":"if","locations":[{"start":{"line":13,"column":4},"end":{"line":15,"column":5}},{"start":{},"end":{}}],"line":13}},"s":{"0":3,"1":3,"2":3,"3":4,"4":4,"5":4,"6":4,"7":4,"8":4,"9":1,"10":3,"11":1,"12":2,"13":2,"14":3},"f":{"0":4},"b":{"0":[1,3],"1":[1,2]},"_coverageSchema":"1a1c01bbd47fc00a2c39e90264f33305004495a9","hash":"71132e4774cbfbdef7ee1107230764149af7ddb1"}
,"C:\\Users\\IvanArifin\\Documents\\Hacktiv8\\p3\\Final\\Final-Project\\server\\express\\middlewares\\errorHandler.js": {"path":"C:\\Users\\IvanArifin\\Documents\\Hacktiv8\\p3\\Final\\Final-Project\\server\\express\\middlewares\\errorHandler.js","statementMap":{"0":{"start":{"line":1,"column":21},"end":{"line":76,"column":1}},"1":{"start":{"line":2,"column":14},"end":{"line":2,"column":16}},"2":{"start":{"line":3,"column":2},"end":{"line":75,"column":3}},"3":{"start":{"line":5,"column":6},"end":{"line":7,"column":9}},"4":{"start":{"line":6,"column":8},"end":{"line":6,"column":30}},"5":{"start":{"line":8,"column":6},"end":{"line":8,"column":53}},"6":{"start":{"line":9,"column":6},"end":{"line":9,"column":12}},"7":{"start":{"line":12,"column":6},"end":{"line":14,"column":9}},"8":{"start":{"line":13,"column":8},"end":{"line":13,"column":30}},"9":{"start":{"line":15,"column":6},"end":{"line":15,"column":53}},"10":{"start":{"line":16,"column":6},"end":{"line":16,"column":12}},"11":{"start":{"line":19,"column":6},"end":{"line":19,"column":53}},"12":{"start":{"line":20,"column":6},"end":{"line":20,"column":12}},"13":{"start":{"line":23,"column":6},"end":{"line":25,"column":9}},"14":{"start":{"line":26,"column":6},"end":{"line":26,"column":12}},"15":{"start":{"line":29,"column":6},"end":{"line":31,"column":9}},"16":{"start":{"line":32,"column":6},"end":{"line":32,"column":12}},"17":{"start":{"line":35,"column":6},"end":{"line":37,"column":9}},"18":{"start":{"line":38,"column":6},"end":{"line":38,"column":12}},"19":{"start":{"line":41,"column":6},"end":{"line":43,"column":9}},"20":{"start":{"line":44,"column":6},"end":{"line":44,"column":12}},"21":{"start":{"line":47,"column":6},"end":{"line":49,"column":9}},"22":{"start":{"line":50,"column":6},"end":{"line":50,"column":12}},"23":{"start":{"line":53,"column":6},"end":{"line":55,"column":9}},"24":{"start":{"line":56,"column":6},"end":{"line":56,"column":12}},"25":{"start":{"line":59,"column":6},"end":{"line":61,"column":9}},"26":{"start":{"line":62,"column":6},"end":{"line":62,"column":12}},"27":{"start":{"line":65,"column":6},"end":{"line":67,"column":9}},"28":{"start":{"line":68,"column":6},"end":{"line":68,"column":12}},"29":{"start":{"line":71,"column":6},"end":{"line":73,"column":9}},"30":{"start":{"line":74,"column":6},"end":{"line":74,"column":12}},"31":{"start":{"line":78,"column":0},"end":{"line":78,"column":30}}},"fnMap":{"0":{"name":"(anonymous_0)","decl":{"start":{"line":1,"column":21},"end":{"line":1,"column":22}},"loc":{"start":{"line":1,"column":46},"end":{"line":76,"column":1}},"line":1},"1":{"name":"(anonymous_1)","decl":{"start":{"line":5,"column":25},"end":{"line":5,"column":26}},"loc":{"start":{"line":5,"column":32},"end":{"line":7,"column":7}},"line":5},"2":{"name":"(anonymous_2)","decl":{"start":{"line":12,"column":25},"end":{"line":12,"column":26}},"loc":{"start":{"line":12,"column":32},"end":{"line":14,"column":7}},"line":12}},"branchMap":{"0":{"loc":{"start":{"line":3,"column":2},"end":{"line":75,"column":3}},"type":"switch","locations":[{"start":{"line":4,"column":4},"end":{"line":9,"column":12}},{"start":{"line":11,"column":4},"end":{"line":16,"column":12}},{"start":{"line":18,"column":4},"end":{"line":20,"column":12}},{"start":{"line":22,"column":4},"end":{"line":26,"column":12}},{"start":{"line":28,"column":4},"end":{"line":32,"column":12}},{"start":{"line":34,"column":4},"end":{"line":38,"column":12}},{"start":{"line":40,"column":4},"end":{"line":44,"column":12}},{"start":{"line":46,"column":4},"end":{"line":50,"column":12}},{"start":{"line":52,"column":4},"end":{"line":56,"column":12}},{"start":{"line":58,"column":4},"end":{"line":62,"column":12}},{"start":{"line":64,"column":4},"end":{"line":68,"column":12}},{"start":{"line":70,"column":4},"end":{"line":74,"column":12}}],"line":3}},"s":{"0":3,"1":32,"2":32,"3":6,"4":24,"5":6,"6":6,"7":1,"8":1,"9":1,"10":1,"11":2,"12":2,"13":2,"14":2,"15":1,"16":1,"17":7,"18":7,"19":2,"20":2,"21":2,"22":2,"23":1,"24":1,"25":1,"26":1,"27":1,"28":1,"29":6,"30":6,"31":3},"f":{"0":32,"1":24,"2":1},"b":{"0":[6,1,2,2,1,7,2,2,1,1,1,6]},"_coverageSchema":"1a1c01bbd47fc00a2c39e90264f33305004495a9","hash":"29ae39efc7a039d31376293b468fb370148619b4"}
,"C:\\Users\\IvanArifin\\Documents\\Hacktiv8\\p3\\Final\\Final-Project\\server\\express\\models\\follow.js": {"path":"C:\\Users\\IvanArifin\\Documents\\Hacktiv8\\p3\\Final\\Final-Project\\server\\express\\models\\follow.js","statementMap":{"0":{"start":{"line":4,"column":4},"end":{"line":4,"column":24}},"1":{"start":{"line":5,"column":0},"end":{"line":30,"column":2}},"2":{"start":{"line":14,"column":6},"end":{"line":16,"column":8}},"3":{"start":{"line":17,"column":6},"end":{"line":19,"column":8}},"4":{"start":{"line":22,"column":2},"end":{"line":28,"column":5}},"5":{"start":{"line":29,"column":2},"end":{"line":29,"column":16}}},"fnMap":{"0":{"name":"(anonymous_0)","decl":{"start":{"line":5,"column":17},"end":{"line":5,"column":18}},"loc":{"start":{"line":5,"column":43},"end":{"line":30,"column":1}},"line":5},"1":{"name":"(anonymous_1)","decl":{"start":{"line":12,"column":4},"end":{"line":12,"column":5}},"loc":{"start":{"line":12,"column":29},"end":{"line":20,"column":5}},"line":12}},"branchMap":{},"s":{"0":3,"1":3,"2":3,"3":3,"4":3,"5":3},"f":{"0":3,"1":3},"b":{},"_coverageSchema":"1a1c01bbd47fc00a2c39e90264f33305004495a9","hash":"c038a0202d92aefcdc4d0e6465c79d4391e42f37"}
,"C:\\Users\\IvanArifin\\Documents\\Hacktiv8\\p3\\Final\\Final-Project\\server\\express\\models\\game.js": {"path":"C:\\Users\\IvanArifin\\Documents\\Hacktiv8\\p3\\Final\\Final-Project\\server\\express\\models\\game.js","statementMap":{"0":{"start":{"line":2,"column":18},"end":{"line":2,"column":38}},"1":{"start":{"line":3,"column":0},"end":{"line":66,"column":2}},"2":{"start":{"line":12,"column":6},"end":{"line":12,"column":36}},"3":{"start":{"line":13,"column":6},"end":{"line":13,"column":32}},"4":{"start":{"line":16,"column":2},"end":{"line":64,"column":4}},"5":{"start":{"line":65,"column":2},"end":{"line":65,"column":14}}},"fnMap":{"0":{"name":"(anonymous_0)","decl":{"start":{"line":3,"column":17},"end":{"line":3,"column":18}},"loc":{"start":{"line":3,"column":43},"end":{"line":66,"column":1}},"line":3},"1":{"name":"(anonymous_1)","decl":{"start":{"line":10,"column":4},"end":{"line":10,"column":5}},"loc":{"start":{"line":10,"column":29},"end":{"line":14,"column":5}},"line":10}},"branchMap":{},"s":{"0":3,"1":3,"2":3,"3":3,"4":3,"5":3},"f":{"0":3,"1":3},"b":{},"_coverageSchema":"1a1c01bbd47fc00a2c39e90264f33305004495a9","hash":"2837e3d800256db4f56c0108279d6cd3272778bd"}
,"C:\\Users\\IvanArifin\\Documents\\Hacktiv8\\p3\\Final\\Final-Project\\server\\express\\models\\index.js": {"path":"C:\\Users\\IvanArifin\\Documents\\Hacktiv8\\p3\\Final\\Final-Project\\server\\express\\models\\index.js","statementMap":{"0":{"start":{"line":3,"column":11},"end":{"line":3,"column":24}},"1":{"start":{"line":4,"column":13},"end":{"line":4,"column":28}},"2":{"start":{"line":5,"column":18},"end":{"line":5,"column":38}},"3":{"start":{"line":6,"column":16},"end":{"line":6,"column":34}},"4":{"start":{"line":7,"column":17},"end":{"line":7,"column":42}},"5":{"start":{"line":8,"column":12},"end":{"line":8,"column":49}},"6":{"start":{"line":9,"column":15},"end":{"line":9,"column":65}},"7":{"start":{"line":10,"column":11},"end":{"line":10,"column":13}},"8":{"start":{"line":13,"column":0},"end":{"line":17,"column":1}},"9":{"start":{"line":14,"column":2},"end":{"line":14,"column":74}},"10":{"start":{"line":16,"column":2},"end":{"line":16,"column":87}},"11":{"start":{"line":19,"column":0},"end":{"line":27,"column":5}},"12":{"start":{"line":22,"column":4},"end":{"line":22,"column":90}},"13":{"start":{"line":25,"column":18},"end":{"line":25,"column":85}},"14":{"start":{"line":26,"column":4},"end":{"line":26,"column":27}},"15":{"start":{"line":29,"column":0},"end":{"line":33,"column":3}},"16":{"start":{"line":30,"column":2},"end":{"line":32,"column":3}},"17":{"start":{"line":31,"column":4},"end":{"line":31,"column":32}},"18":{"start":{"line":35,"column":0},"end":{"line":35,"column":25}},"19":{"start":{"line":36,"column":0},"end":{"line":36,"column":25}},"20":{"start":{"line":38,"column":0},"end":{"line":38,"column":20}}},"fnMap":{"0":{"name":"(anonymous_0)","decl":{"start":{"line":21,"column":10},"end":{"line":21,"column":11}},"loc":{"start":{"line":21,"column":18},"end":{"line":23,"column":3}},"line":21},"1":{"name":"(anonymous_1)","decl":{"start":{"line":24,"column":11},"end":{"line":24,"column":12}},"loc":{"start":{"line":24,"column":19},"end":{"line":27,"column":3}},"line":24},"2":{"name":"(anonymous_2)","decl":{"start":{"line":29,"column":24},"end":{"line":29,"column":25}},"loc":{"start":{"line":29,"column":37},"end":{"line":33,"column":1}},"line":29}},"branchMap":{"0":{"loc":{"start":{"line":8,"column":12},"end":{"line":8,"column":49}},"type":"binary-expr","locations":[{"start":{"line":8,"column":12},"end":{"line":8,"column":32}},{"start":{"line":8,"column":36},"end":{"line":8,"column":49}}],"line":8},"1":{"loc":{"start":{"line":13,"column":0},"end":{"line":17,"column":1}},"type":"if","locations":[{"start":{"line":13,"column":0},"end":{"line":17,"column":1}},{"start":{"line":15,"column":7},"end":{"line":17,"column":1}}],"line":13},"2":{"loc":{"start":{"line":22,"column":11},"end":{"line":22,"column":89}},"type":"binary-expr","locations":[{"start":{"line":22,"column":12},"end":{"line":22,"column":35}},{"start":{"line":22,"column":41},"end":{"line":22,"column":58}},{"start":{"line":22,"column":64},"end":{"line":22,"column":88}}],"line":22},"3":{"loc":{"start":{"line":30,"column":2},"end":{"line":32,"column":3}},"type":"if","locations":[{"start":{"line":30,"column":2},"end":{"line":32,"column":3}},{"start":{},"end":{}}],"line":30}},"s":{"0":3,"1":3,"2":3,"3":3,"4":3,"5":3,"6":3,"7":3,"8":3,"9":0,"10":3,"11":3,"12":18,"13":15,"14":15,"15":3,"16":15,"17":15,"18":3,"19":3,"20":3},"f":{"0":18,"1":15,"2":15},"b":{"0":[3,0],"1":[0,3],"2":[18,18,15],"3":[15,0]},"_coverageSchema":"1a1c01bbd47fc00a2c39e90264f33305004495a9","hash":"582847fd0bd7726f12c19f7296b9a024918a18bc"}
,"C:\\Users\\IvanArifin\\Documents\\Hacktiv8\\p3\\Final\\Final-Project\\server\\express\\models\\post.js": {"path":"C:\\Users\\IvanArifin\\Documents\\Hacktiv8\\p3\\Final\\Final-Project\\server\\express\\models\\post.js","statementMap":{"0":{"start":{"line":2,"column":18},"end":{"line":2,"column":38}},"1":{"start":{"line":3,"column":0},"end":{"line":58,"column":2}},"2":{"start":{"line":12,"column":6},"end":{"line":12,"column":34}},"3":{"start":{"line":13,"column":6},"end":{"line":13,"column":34}},"4":{"start":{"line":16,"column":2},"end":{"line":56,"column":4}},"5":{"start":{"line":57,"column":2},"end":{"line":57,"column":14}}},"fnMap":{"0":{"name":"(anonymous_0)","decl":{"start":{"line":3,"column":17},"end":{"line":3,"column":18}},"loc":{"start":{"line":3,"column":43},"end":{"line":58,"column":1}},"line":3},"1":{"name":"(anonymous_1)","decl":{"start":{"line":10,"column":4},"end":{"line":10,"column":5}},"loc":{"start":{"line":10,"column":29},"end":{"line":14,"column":5}},"line":10}},"branchMap":{},"s":{"0":3,"1":3,"2":3,"3":3,"4":3,"5":3},"f":{"0":3,"1":3},"b":{},"_coverageSchema":"1a1c01bbd47fc00a2c39e90264f33305004495a9","hash":"624fd0fca4725a7898212e86b4efe170fc76e463"}
,"C:\\Users\\IvanArifin\\Documents\\Hacktiv8\\p3\\Final\\Final-Project\\server\\express\\models\\user.js": {"path":"C:\\Users\\IvanArifin\\Documents\\Hacktiv8\\p3\\Final\\Final-Project\\server\\express\\models\\user.js","statementMap":{"0":{"start":{"line":2,"column":18},"end":{"line":2,"column":38}},"1":{"start":{"line":3,"column":25},"end":{"line":3,"column":53}},"2":{"start":{"line":4,"column":0},"end":{"line":86,"column":2}},"3":{"start":{"line":13,"column":6},"end":{"line":13,"column":36}},"4":{"start":{"line":14,"column":6},"end":{"line":14,"column":32}},"5":{"start":{"line":15,"column":6},"end":{"line":17,"column":9}},"6":{"start":{"line":18,"column":6},"end":{"line":20,"column":9}},"7":{"start":{"line":23,"column":2},"end":{"line":77,"column":4}},"8":{"start":{"line":43,"column":12},"end":{"line":45,"column":13}},"9":{"start":{"line":44,"column":14},"end":{"line":44,"column":58}},"10":{"start":{"line":79,"column":2},"end":{"line":83,"column":5}},"11":{"start":{"line":80,"column":4},"end":{"line":81,"column":130}},"12":{"start":{"line":82,"column":4},"end":{"line":82,"column":56}},"13":{"start":{"line":85,"column":2},"end":{"line":85,"column":14}}},"fnMap":{"0":{"name":"(anonymous_0)","decl":{"start":{"line":4,"column":17},"end":{"line":4,"column":18}},"loc":{"start":{"line":4,"column":43},"end":{"line":86,"column":1}},"line":4},"1":{"name":"(anonymous_1)","decl":{"start":{"line":11,"column":4},"end":{"line":11,"column":5}},"loc":{"start":{"line":11,"column":29},"end":{"line":21,"column":5}},"line":11},"2":{"name":"(anonymous_2)","decl":{"start":{"line":42,"column":10},"end":{"line":42,"column":11}},"loc":{"start":{"line":42,"column":29},"end":{"line":46,"column":11}},"line":42},"3":{"name":"(anonymous_3)","decl":{"start":{"line":79,"column":20},"end":{"line":79,"column":21}},"loc":{"start":{"line":79,"column":34},"end":{"line":83,"column":3}},"line":79}},"branchMap":{"0":{"loc":{"start":{"line":43,"column":12},"end":{"line":45,"column":13}},"type":"if","locations":[{"start":{"line":43,"column":12},"end":{"line":45,"column":13}},{"start":{},"end":{}}],"line":43}},"s":{"0":3,"1":3,"2":3,"3":3,"4":3,"5":3,"6":3,"7":3,"8":11,"9":2,"10":3,"11":7,"12":7,"13":3},"f":{"0":3,"1":3,"2":11,"3":7},"b":{"0":[2,9]},"_coverageSchema":"1a1c01bbd47fc00a2c39e90264f33305004495a9","hash":"df9e7983e8480dca8dfe0b3f5ab07627feabc5c6"}
,"C:\\Users\\IvanArifin\\Documents\\Hacktiv8\\p3\\Final\\Final-Project\\server\\express\\models\\usergame.js": {"path":"C:\\Users\\IvanArifin\\Documents\\Hacktiv8\\p3\\Final\\Final-Project\\server\\express\\models\\usergame.js","statementMap":{"0":{"start":{"line":2,"column":18},"end":{"line":2,"column":38}},"1":{"start":{"line":3,"column":0},"end":{"line":73,"column":2}},"2":{"start":{"line":12,"column":6},"end":{"line":12,"column":38}},"3":{"start":{"line":13,"column":6},"end":{"line":13,"column":38}},"4":{"start":{"line":16,"column":2},"end":{"line":71,"column":4}},"5":{"start":{"line":72,"column":2},"end":{"line":72,"column":18}}},"fnMap":{"0":{"name":"(anonymous_0)","decl":{"start":{"line":3,"column":17},"end":{"line":3,"column":18}},"loc":{"start":{"line":3,"column":43},"end":{"line":73,"column":1}},"line":3},"1":{"name":"(anonymous_1)","decl":{"start":{"line":10,"column":4},"end":{"line":10,"column":5}},"loc":{"start":{"line":10,"column":29},"end":{"line":14,"column":5}},"line":10}},"branchMap":{},"s":{"0":3,"1":3,"2":3,"3":3,"4":3,"5":3},"f":{"0":3,"1":3},"b":{},"_coverageSchema":"1a1c01bbd47fc00a2c39e90264f33305004495a9","hash":"387942da40d2b08a191c6de7552da0ee7bf1a1ae"}
,"C:\\Users\\IvanArifin\\Documents\\Hacktiv8\\p3\\Final\\Final-Project\\server\\express\\routes\\gamesRoute.js": {"path":"C:\\Users\\IvanArifin\\Documents\\Hacktiv8\\p3\\Final\\Final-Project\\server\\express\\routes\\gamesRoute.js","statementMap":{"0":{"start":{"line":1,"column":16},"end":{"line":1,"column":34}},"1":{"start":{"line":2,"column":15},"end":{"line":2,"column":31}},"2":{"start":{"line":3,"column":23},"end":{"line":3,"column":63}},"3":{"start":{"line":5,"column":0},"end":{"line":5,"column":44}},"4":{"start":{"line":6,"column":0},"end":{"line":6,"column":43}},"5":{"start":{"line":8,"column":0},"end":{"line":8,"column":24}}},"fnMap":{},"branchMap":{},"s":{"0":3,"1":3,"2":3,"3":3,"4":3,"5":3},"f":{},"b":{},"_coverageSchema":"1a1c01bbd47fc00a2c39e90264f33305004495a9","hash":"27cc04f2ad5eaa72647c6eea23761133b29ebbcf"}
,"C:\\Users\\IvanArifin\\Documents\\Hacktiv8\\p3\\Final\\Final-Project\\server\\express\\routes\\index.js": {"path":"C:\\Users\\IvanArifin\\Documents\\Hacktiv8\\p3\\Final\\Final-Project\\server\\express\\routes\\index.js","statementMap":{"0":{"start":{"line":1,"column":16},"end":{"line":1,"column":34}},"1":{"start":{"line":2,"column":15},"end":{"line":2,"column":31}},"2":{"start":{"line":3,"column":18},"end":{"line":3,"column":58}},"3":{"start":{"line":4,"column":19},"end":{"line":4,"column":42}},"4":{"start":{"line":5,"column":19},"end":{"line":5,"column":42}},"5":{"start":{"line":6,"column":23},"end":{"line":6,"column":50}},"6":{"start":{"line":7,"column":21},"end":{"line":7,"column":59}},"7":{"start":{"line":9,"column":0},"end":{"line":11,"column":2}},"8":{"start":{"line":10,"column":4},"end":{"line":10,"column":34}},"9":{"start":{"line":12,"column":0},"end":{"line":12,"column":33}},"10":{"start":{"line":13,"column":0},"end":{"line":13,"column":33}},"11":{"start":{"line":14,"column":0},"end":{"line":14,"column":22}},"12":{"start":{"line":15,"column":0},"end":{"line":15,"column":41}},"13":{"start":{"line":17,"column":0},"end":{"line":17,"column":24}},"14":{"start":{"line":19,"column":0},"end":{"line":19,"column":24}}},"fnMap":{"0":{"name":"(anonymous_0)","decl":{"start":{"line":9,"column":16},"end":{"line":9,"column":17}},"loc":{"start":{"line":9,"column":34},"end":{"line":11,"column":1}},"line":9}},"branchMap":{},"s":{"0":3,"1":3,"2":3,"3":3,"4":3,"5":3,"6":3,"7":3,"8":1,"9":3,"10":3,"11":3,"12":3,"13":3,"14":3},"f":{"0":1},"b":{},"_coverageSchema":"1a1c01bbd47fc00a2c39e90264f33305004495a9","hash":"7378d108a11944f1db9286d5c74b268d10c76149"}
,"C:\\Users\\IvanArifin\\Documents\\Hacktiv8\\p3\\Final\\Final-Project\\server\\express\\routes\\userGamesRoute.js": {"path":"C:\\Users\\IvanArifin\\Documents\\Hacktiv8\\p3\\Final\\Final-Project\\server\\express\\routes\\userGamesRoute.js","statementMap":{"0":{"start":{"line":1,"column":16},"end":{"line":1,"column":34}},"1":{"start":{"line":2,"column":15},"end":{"line":2,"column":31}},"2":{"start":{"line":3,"column":27},"end":{"line":3,"column":71}},"3":{"start":{"line":5,"column":0},"end":{"line":5,"column":52}},"4":{"start":{"line":6,"column":0},"end":{"line":6,"column":51}},"5":{"start":{"line":7,"column":0},"end":{"line":7,"column":55}},"6":{"start":{"line":8,"column":0},"end":{"line":8,"column":52}},"7":{"start":{"line":9,"column":0},"end":{"line":9,"column":55}},"8":{"start":{"line":11,"column":0},"end":{"line":11,"column":24}}},"fnMap":{},"branchMap":{},"s":{"0":3,"1":3,"2":3,"3":3,"4":3,"5":3,"6":3,"7":3,"8":3},"f":{},"b":{},"_coverageSchema":"1a1c01bbd47fc00a2c39e90264f33305004495a9","hash":"0ac23d2aafefcf8d5c1268fdee050af92fa9b757"}
,"C:\\Users\\IvanArifin\\Documents\\Hacktiv8\\p3\\Final\\Final-Project\\server\\express\\routes\\usersRoute.js": {"path":"C:\\Users\\IvanArifin\\Documents\\Hacktiv8\\p3\\Final\\Final-Project\\server\\express\\routes\\usersRoute.js","statementMap":{"0":{"start":{"line":1,"column":16},"end":{"line":1,"column":34}},"1":{"start":{"line":2,"column":23},"end":{"line":2,"column":63}},"2":{"start":{"line":3,"column":15},"end":{"line":3,"column":31}},"3":{"start":{"line":4,"column":18},"end":{"line":4,"column":58}},"4":{"start":{"line":6,"column":15},"end":{"line":6,"column":32}},"5":{"start":{"line":7,"column":22},"end":{"line":7,"column":67}},"6":{"start":{"line":8,"column":16},"end":{"line":8,"column":38}},"7":{"start":{"line":9,"column":15},"end":{"line":9,"column":34}},"8":{"start":{"line":11,"column":0},"end":{"line":11,"column":54}},"9":{"start":{"line":12,"column":0},"end":{"line":12,"column":48}},"10":{"start":{"line":13,"column":0},"end":{"line":13,"column":46}},"11":{"start":{"line":14,"column":0},"end":{"line":14,"column":63}},"12":{"start":{"line":15,"column":0},"end":{"line":15,"column":46}},"13":{"start":{"line":16,"column":0},"end":{"line":16,"column":58}},"14":{"start":{"line":18,"column":0},"end":{"line":18,"column":22}},"15":{"start":{"line":20,"column":0},"end":{"line":20,"column":41}},"16":{"start":{"line":21,"column":0},"end":{"line":21,"column":69}},"17":{"start":{"line":22,"column":0},"end":{"line":22,"column":49}},"18":{"start":{"line":23,"column":0},"end":{"line":23,"column":53}},"19":{"start":{"line":24,"column":0},"end":{"line":24,"column":52}},"20":{"start":{"line":25,"column":0},"end":{"line":25,"column":47}},"21":{"start":{"line":26,"column":0},"end":{"line":26,"column":69}},"22":{"start":{"line":27,"column":0},"end":{"line":27,"column":73}},"23":{"start":{"line":28,"column":0},"end":{"line":28,"column":54}},"24":{"start":{"line":29,"column":0},"end":{"line":29,"column":49}},"25":{"start":{"line":30,"column":0},"end":{"line":30,"column":24}}},"fnMap":{},"branchMap":{},"s":{"0":3,"1":3,"2":3,"3":3,"4":3,"5":3,"6":3,"7":3,"8":3,"9":3,"10":3,"11":3,"12":3,"13":3,"14":3,"15":3,"16":3,"17":3,"18":3,"19":3,"20":3,"21":3,"22":3,"23":3,"24":3,"25":3},"f":{},"b":{},"_coverageSchema":"1a1c01bbd47fc00a2c39e90264f33305004495a9","hash":"610ac052012e248ba584d4569a57d2d85817cb44"}
}
