TN:
SF:app.js
FNF:0
FNH:0
DA:1,3
DA:2,3
DA:5,3
DA:6,3
DA:7,3
DA:8,3
DA:9,3
DA:11,3
DA:12,3
DA:13,3
DA:15,3
DA:21,3
LF:12
LH:12
BRDA:1,0,0,3
BRDA:1,0,1,0
BRDA:7,1,0,3
BRDA:7,1,1,3
BRF:4
BRH:3
end_of_record
TN:
SF:controllers\GameController.js
FN:3,(anonymous_0)
FN:11,(anonymous_1)
FNF:2
FNH:2
FNDA:1,(anonymous_0)
FNDA:2,(anonymous_1)
DA:1,3
DA:4,1
DA:5,1
DA:6,1
DA:8,0
DA:12,2
DA:13,2
DA:14,2
DA:15,2
DA:16,1
DA:18,1
DA:20,1
DA:25,3
LF:13
LH:12
BRDA:15,0,0,1
BRDA:15,0,1,1
BRF:2
BRH:2
end_of_record
TN:
SF:controllers\UserController.js
FN:18,(anonymous_0)
FN:20,(anonymous_1)
FN:28,(anonymous_2)
FN:71,(anonymous_3)
FN:72,(anonymous_4)
FN:346,(anonymous_5)
FN:347,(anonymous_6)
FN:355,(anonymous_7)
FN:393,(anonymous_8)
FN:399,(anonymous_9)
FN:425,(anonymous_10)
FN:439,(anonymous_11)
FN:460,(anonymous_12)
FN:461,(anonymous_13)
FN:473,(anonymous_14)
FN:495,(anonymous_15)
FN:507,(anonymous_16)
FN:533,(anonymous_17)
FN:534,(anonymous_18)
FN:541,(anonymous_19)
FN:548,(anonymous_20)
FN:598,(anonymous_21)
FN:611,(anonymous_22)
FN:659,(anonymous_23)
FN:660,(anonymous_24)
FN:674,(anonymous_25)
FN:696,(anonymous_26)
FN:711,(anonymous_27)
FN:741,(anonymous_28)
FN:742,(anonymous_29)
FN:749,(anonymous_30)
FN:761,(anonymous_31)
FN:780,(anonymous_32)
FNF:33
FNH:24
FNDA:2,(anonymous_0)
FNDA:2,(anonymous_1)
FNDA:8,(anonymous_2)
FNDA:1,(anonymous_3)
FNDA:0,(anonymous_4)
FNDA:1,(anonymous_5)
FNDA:0,(anonymous_6)
FNDA:5,(anonymous_7)
FNDA:1,(anonymous_8)
FNDA:1,(anonymous_9)
FNDA:2,(anonymous_10)
FNDA:2,(anonymous_11)
FNDA:0,(anonymous_12)
FNDA:0,(anonymous_13)
FNDA:2,(anonymous_14)
FNDA:2,(anonymous_15)
FNDA:2,(anonymous_16)
FNDA:0,(anonymous_17)
FNDA:0,(anonymous_18)
FNDA:1,(anonymous_19)
FNDA:1,(anonymous_20)
FNDA:2,(anonymous_21)
FNDA:2,(anonymous_22)
FNDA:1,(anonymous_23)
FNDA:0,(anonymous_24)
FNDA:1,(anonymous_25)
FNDA:1,(anonymous_26)
FNDA:2,(anonymous_27)
FNDA:0,(anonymous_28)
FNDA:0,(anonymous_29)
FNDA:2,(anonymous_30)
FNDA:2,(anonymous_31)
FNDA:2,(anonymous_32)
DA:1,3
DA:2,3
DA:3,3
DA:4,3
DA:5,3
DA:6,3
DA:7,3
DA:8,3
DA:9,3
DA:10,3
DA:11,3
DA:12,3
DA:18,3
DA:19,2
DA:21,2
DA:22,2
DA:25,2
DA:29,8
DA:30,8
DA:31,8
DA:32,8
DA:33,8
DA:47,1
DA:69,1
DA:75,1
DA:344,1
DA:349,1
DA:351,7
DA:356,5
DA:357,5
DA:359,5
DA:360,2
DA:363,3
DA:365,3
DA:366,1
DA:369,2
DA:371,2
DA:372,1
DA:375,1
DA:380,1
DA:381,1
DA:382,1
DA:390,4
DA:394,1
DA:395,1
DA:396,1
DA:397,1
DA:400,1
DA:401,1
DA:402,1
DA:403,1
DA:404,1
DA:413,1
DA:414,1
DA:416,0
DA:420,1
DA:422,0
DA:426,2
DA:427,2
DA:433,1
DA:435,1
DA:440,2
DA:441,2
DA:442,2
DA:449,1
DA:460,1
DA:461,0
DA:462,0
DA:463,0
DA:467,1
DA:469,1
DA:474,2
DA:475,2
DA:476,2
DA:482,2
DA:483,1
DA:485,1
DA:489,1
DA:491,1
DA:496,2
DA:497,2
DA:498,2
DA:499,1
DA:500,1
DA:501,1
DA:503,1
DA:508,2
DA:509,2
DA:510,2
DA:511,2
DA:512,1
DA:514,1
DA:518,1
DA:520,1
DA:531,1
DA:535,1
DA:537,1
DA:543,1
DA:544,1
DA:545,1
DA:546,1
DA:549,1
DA:550,1
DA:551,1
DA:553,1
DA:565,1
DA:570,1
DA:571,1
DA:572,1
DA:579,1
DA:584,1
DA:587,0
DA:592,1
DA:595,0
DA:599,2
DA:600,2
DA:601,2
DA:602,1
DA:604,1
DA:605,1
DA:607,1
DA:612,2
DA:613,2
DA:614,2
DA:615,1
DA:635,1
DA:657,1
DA:661,1
DA:662,1
DA:670,1
DA:675,1
DA:677,1
DA:683,1
DA:696,1
DA:698,1
DA:699,1
DA:700,1
DA:707,0
DA:712,2
DA:713,2
DA:714,2
DA:719,2
DA:720,1
DA:739,1
DA:743,1
DA:745,1
DA:750,2
DA:751,2
DA:755,1
DA:757,1
DA:762,2
DA:763,2
DA:764,2
DA:765,2
DA:766,1
DA:768,1
DA:773,1
DA:775,1
DA:776,1
DA:781,2
DA:782,2
DA:783,2
DA:784,1
DA:786,1
DA:791,3
LF:165
LH:157
BRDA:359,0,0,2
BRDA:359,0,1,3
BRDA:359,1,0,5
BRDA:359,1,1,4
BRDA:365,2,0,1
BRDA:365,2,1,2
BRDA:365,3,0,3
BRDA:365,3,1,2
BRDA:371,4,0,1
BRDA:371,4,1,1
BRDA:400,5,0,0
BRDA:400,5,1,1
BRDA:462,6,0,0
BRDA:462,6,1,0
BRDA:482,7,0,1
BRDA:482,7,1,1
BRDA:511,8,0,1
BRDA:511,8,1,1
BRDA:549,9,0,0
BRDA:549,9,1,1
BRDA:601,10,0,1
BRDA:601,10,1,1
BRDA:765,11,0,1
BRDA:765,11,1,1
BRF:24
BRH:20
end_of_record
TN:
SF:controllers\UserGameController.js
FN:5,(anonymous_0)
FN:17,(anonymous_1)
FN:30,(anonymous_2)
FN:59,(anonymous_3)
FN:84,(anonymous_4)
FNF:5
FNH:5
FNDA:1,(anonymous_0)
FNDA:2,(anonymous_1)
FNDA:3,(anonymous_2)
FNDA:2,(anonymous_3)
FNDA:2,(anonymous_4)
DA:1,3
DA:2,3
DA:6,1
DA:7,1
DA:8,1
DA:12,1
DA:14,0
DA:18,2
DA:19,2
DA:20,2
DA:24,2
DA:25,1
DA:27,1
DA:31,3
DA:32,3
DA:33,3
DA:34,3
DA:35,3
DA:36,1
DA:38,2
DA:39,2
DA:51,2
DA:52,1
DA:56,2
DA:60,2
DA:61,2
DA:62,2
DA:63,2
DA:64,2
DA:65,1
DA:78,1
DA:80,1
DA:85,2
DA:86,2
DA:87,2
DA:88,2
DA:92,2
DA:93,1
DA:95,1
DA:100,1
DA:101,1
DA:105,1
DA:111,1
DA:112,1
DA:116,1
DA:121,3
LF:46
LH:45
BRDA:24,0,0,1
BRDA:24,0,1,1
BRDA:35,1,0,1
BRDA:35,1,1,2
BRDA:51,2,0,1
BRDA:51,2,1,1
BRDA:64,3,0,1
BRDA:64,3,1,1
BRDA:92,4,0,1
BRDA:92,4,1,1
BRDA:100,5,0,1
BRDA:100,5,1,0
BRDA:111,6,0,0
BRDA:111,6,1,1
BRF:14
BRH:12
end_of_record
TN:
SF:helpers\bcrypt.js
FN:4,(anonymous_0)
FN:5,(anonymous_1)
FNF:2
FNH:2
FNDA:7,(anonymous_0)
FNDA:2,(anonymous_1)
DA:1,3
DA:2,3
DA:4,7
DA:5,3
DA:6,2
DA:8,3
LF:6
LH:6
BRF:0
BRH:0
end_of_record
TN:
SF:helpers\jwt.js
FN:3,(anonymous_0)
FN:4,(anonymous_1)
FNF:2
FNH:2
FNDA:19,(anonymous_0)
FNDA:36,(anonymous_1)
DA:1,3
DA:3,19
DA:4,36
DA:6,3
LF:4
LH:4
BRF:0
BRH:0
end_of_record
TN:
SF:lib\Google.js
FN:4,(anonymous_0)
FNF:1
FNH:1
FNDA:1,(anonymous_0)
DA:1,3
DA:5,1
DA:6,1
DA:10,0
DA:11,0
DA:15,3
LF:6
LH:4
BRF:0
BRH:0
end_of_record
TN:
SF:middlewares\authentication.js
FN:4,(anonymous_0)
FNF:1
FNH:1
FNDA:31,(anonymous_0)
DA:1,3
DA:2,3
DA:4,3
DA:5,31
DA:6,31
DA:7,31
DA:8,1
DA:11,30
DA:22,29
DA:27,29
DA:29,2
DA:33,3
LF:12
LH:12
BRDA:7,0,0,1
BRDA:7,0,1,30
BRF:2
BRH:2
end_of_record
TN:
SF:middlewares\authorizeDeletePost.js
FN:4,(anonymous_0)
FNF:1
FNH:1
FNDA:4,(anonymous_0)
DA:1,3
DA:2,3
DA:4,3
DA:5,4
DA:6,4
DA:7,4
DA:8,4
DA:9,4
DA:10,4
DA:11,1
DA:13,3
DA:14,1
DA:16,2
DA:18,2
DA:22,3
LF:15
LH:15
BRDA:10,0,0,1
BRDA:10,0,1,3
BRDA:13,1,0,1
BRDA:13,1,1,2
BRF:4
BRH:4
end_of_record
TN:
SF:middlewares\errorHandler.js
FN:1,(anonymous_0)
FN:5,(anonymous_1)
FN:12,(anonymous_2)
FNF:3
FNH:3
FNDA:32,(anonymous_0)
FNDA:24,(anonymous_1)
FNDA:1,(anonymous_2)
DA:1,3
DA:2,32
DA:3,32
DA:5,6
DA:6,24
DA:8,6
DA:9,6
DA:12,1
DA:13,1
DA:15,1
DA:16,1
DA:19,2
DA:20,2
DA:23,2
DA:26,2
DA:29,1
DA:32,1
DA:35,7
DA:38,7
DA:41,2
DA:44,2
DA:47,2
DA:50,2
DA:53,1
DA:56,1
DA:59,1
DA:62,1
DA:65,1
DA:68,1
DA:71,6
DA:74,6
DA:78,3
LF:32
LH:32
BRDA:3,0,0,6
BRDA:3,0,1,1
BRDA:3,0,2,2
BRDA:3,0,3,2
BRDA:3,0,4,1
BRDA:3,0,5,7
BRDA:3,0,6,2
BRDA:3,0,7,2
BRDA:3,0,8,1
BRDA:3,0,9,1
BRDA:3,0,10,1
BRDA:3,0,11,6
BRF:12
BRH:12
end_of_record
TN:
SF:models\follow.js
FN:5,(anonymous_0)
FN:12,(anonymous_1)
FNF:2
FNH:2
FNDA:3,(anonymous_0)
FNDA:3,(anonymous_1)
DA:4,3
DA:5,3
DA:14,3
DA:17,3
DA:22,3
DA:29,3
LF:6
LH:6
BRF:0
BRH:0
end_of_record
TN:
SF:models\game.js
FN:3,(anonymous_0)
FN:10,(anonymous_1)
FNF:2
FNH:2
FNDA:3,(anonymous_0)
FNDA:3,(anonymous_1)
DA:2,3
DA:3,3
DA:12,3
DA:13,3
DA:16,3
DA:65,3
LF:6
LH:6
BRF:0
BRH:0
end_of_record
TN:
SF:models\index.js
FN:21,(anonymous_0)
FN:24,(anonymous_1)
FN:29,(anonymous_2)
FNF:3
FNH:3
FNDA:18,(anonymous_0)
FNDA:15,(anonymous_1)
FNDA:15,(anonymous_2)
DA:3,3
DA:4,3
DA:5,3
DA:6,3
DA:7,3
DA:8,3
DA:9,3
DA:10,3
DA:13,3
DA:14,0
DA:16,3
DA:19,3
DA:22,18
DA:25,15
DA:26,15
DA:29,3
DA:30,15
DA:31,15
DA:35,3
DA:36,3
DA:38,3
LF:21
LH:20
BRDA:8,0,0,3
BRDA:8,0,1,0
BRDA:13,1,0,0
BRDA:13,1,1,3
BRDA:22,2,0,18
BRDA:22,2,1,18
BRDA:22,2,2,15
BRDA:30,3,0,15
BRDA:30,3,1,0
BRF:9
BRH:6
end_of_record
TN:
SF:models\post.js
FN:3,(anonymous_0)
FN:10,(anonymous_1)
FNF:2
FNH:2
FNDA:3,(anonymous_0)
FNDA:3,(anonymous_1)
DA:2,3
DA:3,3
DA:12,3
DA:13,3
DA:16,3
DA:57,3
LF:6
LH:6
BRF:0
BRH:0
end_of_record
TN:
SF:models\user.js
FN:4,(anonymous_0)
FN:11,(anonymous_1)
FN:42,(anonymous_2)
FN:79,(anonymous_3)
FNF:4
FNH:4
FNDA:3,(anonymous_0)
FNDA:3,(anonymous_1)
FNDA:11,(anonymous_2)
FNDA:7,(anonymous_3)
DA:2,3
DA:3,3
DA:4,3
DA:13,3
DA:14,3
DA:15,3
DA:18,3
DA:23,3
DA:43,11
DA:44,2
DA:79,3
DA:80,7
DA:82,7
DA:85,3
LF:14
LH:14
BRDA:43,0,0,2
BRDA:43,0,1,9
BRF:2
BRH:2
end_of_record
TN:
SF:models\usergame.js
FN:3,(anonymous_0)
FN:10,(anonymous_1)
FNF:2
FNH:2
FNDA:3,(anonymous_0)
FNDA:3,(anonymous_1)
DA:2,3
DA:3,3
DA:12,3
DA:13,3
DA:16,3
DA:72,3
LF:6
LH:6
BRF:0
BRH:0
end_of_record
TN:
SF:routes\gamesRoute.js
FNF:0
FNH:0
DA:1,3
DA:2,3
DA:3,3
DA:5,3
DA:6,3
DA:8,3
LF:6
LH:6
BRF:0
BRH:0
end_of_record
TN:
SF:routes\index.js
FN:9,(anonymous_0)
FNF:1
FNH:1
FNDA:1,(anonymous_0)
DA:1,3
DA:2,3
DA:3,3
DA:4,3
DA:5,3
DA:6,3
DA:7,3
DA:9,3
DA:10,1
DA:12,3
DA:13,3
DA:14,3
DA:15,3
DA:17,3
DA:19,3
LF:15
LH:15
BRF:0
BRH:0
end_of_record
TN:
SF:routes\userGamesRoute.js
FNF:0
FNH:0
DA:1,3
DA:2,3
DA:3,3
DA:5,3
DA:6,3
DA:7,3
DA:8,3
DA:9,3
DA:11,3
LF:9
LH:9
BRF:0
BRH:0
end_of_record
TN:
SF:routes\usersRoute.js
FNF:0
FNH:0
DA:1,3
DA:2,3
DA:3,3
DA:4,3
DA:6,3
DA:7,3
DA:8,3
DA:9,3
DA:11,3
DA:12,3
DA:13,3
DA:14,3
DA:15,3
DA:16,3
DA:18,3
DA:20,3
DA:21,3
DA:22,3
DA:23,3
DA:24,3
DA:25,3
DA:26,3
DA:27,3
DA:28,3
DA:29,3
DA:30,3
LF:26
LH:26
BRF:0
BRH:0
end_of_record
