TN:
SF:app.js
FNF:0
FNH:0
DA:1,3
DA:2,3
DA:5,3
DA:6,3
DA:7,3
DA:8,3
DA:9,3
DA:11,3
DA:12,3
DA:13,3
DA:15,3
DA:21,3
LF:12
LH:12
BRDA:1,0,0,3
BRDA:1,0,1,0
BRF:2
BRH:1
end_of_record
TN:
SF:controllers\GameController.js
FN:3,(anonymous_0)
FN:11,(anonymous_1)
FNF:2
FNH:2
FNDA:1,(anonymous_0)
FNDA:2,(anonymous_1)
DA:1,3
DA:4,1
DA:5,1
DA:6,1
DA:8,0
DA:12,2
DA:13,2
DA:14,2
DA:15,2
DA:16,1
DA:18,1
DA:20,1
DA:25,3
LF:13
LH:12
BRDA:15,0,0,1
BRDA:15,0,1,1
BRF:2
BRH:2
end_of_record
TN:
SF:controllers\UserController.js
FN:14,(anonymous_0)
FN:16,(anonymous_1)
FN:24,(anonymous_2)
FN:46,(anonymous_3)
FN:81,(anonymous_4)
FN:86,(anonymous_5)
FN:109,(anonymous_6)
FN:123,(anonymous_7)
FN:138,(anonymous_8)
FN:165,(anonymous_9)
FN:178,(anonymous_10)
FN:194,(anonymous_11)
FN:200,(anonymous_12)
FN:221,(anonymous_13)
FNF:14
FNH:8
FNDA:0,(anonymous_0)
FNDA:0,(anonymous_1)
FNDA:8,(anonymous_2)
FNDA:5,(anonymous_3)
FNDA:0,(anonymous_4)
FNDA:0,(anonymous_5)
FNDA:1,(anonymous_6)
FNDA:1,(anonymous_7)
FNDA:2,(anonymous_8)
FNDA:2,(anonymous_9)
FNDA:2,(anonymous_10)
FNDA:0,(anonymous_11)
FNDA:0,(anonymous_12)
FNDA:1,(anonymous_13)
DA:1,3
DA:2,3
DA:3,3
DA:5,3
DA:6,3
DA:7,3
DA:8,3
DA:14,3
DA:15,0
DA:17,0
DA:18,0
DA:21,0
DA:25,8
DA:26,8
DA:27,8
DA:28,8
DA:40,1
DA:42,7
DA:47,5
DA:48,5
DA:50,5
DA:51,2
DA:54,3
DA:56,3
DA:57,1
DA:60,2
DA:62,2
DA:63,1
DA:66,1
DA:69,1
DA:70,1
DA:71,1
DA:78,4
DA:82,0
DA:83,0
DA:84,0
DA:87,0
DA:88,0
DA:89,0
DA:90,0
DA:91,0
DA:100,0
DA:101,0
DA:103,0
DA:107,0
DA:110,1
DA:111,1
DA:117,1
DA:119,0
DA:124,1
DA:125,1
DA:132,1
DA:134,0
DA:139,2
DA:140,2
DA:141,2
DA:152,2
DA:153,1
DA:159,1
DA:161,1
DA:166,2
DA:167,2
DA:168,2
DA:169,1
DA:170,1
DA:171,1
DA:172,1
DA:174,1
DA:179,2
DA:180,2
DA:181,2
DA:182,1
DA:184,1
DA:188,1
DA:190,1
DA:195,0
DA:196,0
DA:197,0
DA:198,0
DA:201,0
DA:202,0
DA:203,0
DA:204,0
DA:211,0
DA:212,0
DA:214,0
DA:215,0
DA:219,0
DA:222,1
DA:223,1
DA:224,1
DA:225,0
DA:227,1
DA:228,0
DA:230,1
DA:231,1
DA:233,0
DA:238,3
LF:98
LH:64
BRDA:50,0,0,2
BRDA:50,0,1,3
BRDA:50,1,0,5
BRDA:50,1,1,4
BRDA:56,2,0,1
BRDA:56,2,1,2
BRDA:56,3,0,3
BRDA:56,3,1,2
BRDA:62,4,0,1
BRDA:62,4,1,1
BRDA:87,5,0,0
BRDA:87,5,1,0
BRDA:152,6,0,1
BRDA:152,6,1,1
BRDA:170,7,0,0
BRDA:170,7,1,1
BRDA:181,8,0,1
BRDA:181,8,1,1
BRDA:201,9,0,0
BRDA:201,9,1,0
BRDA:224,10,0,0
BRDA:224,10,1,1
BRDA:227,11,0,0
BRDA:227,11,1,1
BRF:24
BRH:17
end_of_record
TN:
SF:controllers\UserGameController.js
FN:5,(anonymous_0)
FN:17,(anonymous_1)
FN:30,(anonymous_2)
FN:47,(anonymous_3)
FN:69,(anonymous_4)
FNF:5
FNH:5
FNDA:1,(anonymous_0)
FNDA:2,(anonymous_1)
FNDA:2,(anonymous_2)
FNDA:2,(anonymous_3)
FNDA:2,(anonymous_4)
DA:1,3
DA:2,3
DA:6,1
DA:7,1
DA:8,1
DA:12,1
DA:14,0
DA:18,2
DA:19,2
DA:20,2
DA:24,2
DA:25,1
DA:27,1
DA:31,2
DA:32,2
DA:33,2
DA:34,2
DA:35,2
DA:36,1
DA:38,1
DA:39,1
DA:40,1
DA:44,1
DA:48,2
DA:49,2
DA:50,2
DA:51,2
DA:52,2
DA:53,1
DA:55,1
DA:63,1
DA:65,1
DA:70,2
DA:71,2
DA:72,2
DA:73,2
DA:77,2
DA:78,2
DA:79,2
DA:80,0
DA:82,2
DA:87,2
DA:88,0
DA:92,2
DA:98,2
DA:99,0
DA:103,2
DA:108,3
LF:48
LH:44
BRDA:24,0,0,1
BRDA:24,0,1,1
BRDA:35,1,0,1
BRDA:35,1,1,1
BRDA:52,2,0,1
BRDA:52,2,1,1
BRDA:79,3,0,0
BRDA:79,3,1,2
BRDA:87,4,0,0
BRDA:87,4,1,2
BRDA:98,5,0,2
BRDA:98,5,1,0
BRF:12
BRH:9
end_of_record
TN:
SF:helpers\bcrypt.js
FN:4,(anonymous_0)
FN:5,(anonymous_1)
FNF:2
FNH:2
FNDA:6,(anonymous_0)
FNDA:2,(anonymous_1)
DA:1,3
DA:2,3
DA:4,6
DA:5,3
DA:6,2
DA:8,3
LF:6
LH:6
BRF:0
BRH:0
end_of_record
TN:
SF:helpers\jwt.js
FN:3,(anonymous_0)
FN:4,(anonymous_1)
FNF:2
FNH:2
FNDA:15,(anonymous_0)
FNDA:20,(anonymous_1)
DA:1,3
DA:3,15
DA:4,20
DA:6,3
LF:4
LH:4
BRF:0
BRH:0
end_of_record
TN:
SF:middlewares\authentication.js
FN:4,(anonymous_0)
FNF:1
FNH:1
FNDA:18,(anonymous_0)
DA:1,3
DA:2,3
DA:4,3
DA:5,18
DA:6,18
DA:7,18
DA:8,0
DA:11,18
DA:12,16
DA:13,0
DA:16,16
DA:17,16
DA:18,0
DA:21,16
DA:24,16
DA:26,2
DA:30,3
LF:17
LH:14
BRDA:7,0,0,0
BRDA:7,0,1,18
BRDA:12,1,0,0
BRDA:12,1,1,16
BRDA:17,2,0,0
BRDA:17,2,1,16
BRF:6
BRH:3
end_of_record
TN:
SF:middlewares\errorHandler.js
FN:1,(anonymous_0)
FN:5,(anonymous_1)
FN:12,(anonymous_2)
FNF:3
FNH:3
FNDA:22,(anonymous_0)
FNDA:24,(anonymous_1)
FNDA:1,(anonymous_2)
DA:1,3
DA:2,22
DA:3,22
DA:5,6
DA:6,24
DA:8,6
DA:9,6
DA:12,1
DA:13,1
DA:15,1
DA:16,1
DA:19,3
DA:20,3
DA:23,2
DA:26,2
DA:29,1
DA:32,1
DA:35,5
DA:38,5
DA:41,2
DA:44,2
DA:47,2
DA:50,2
DA:53,0
DA:56,0
DA:60,3
LF:26
LH:24
BRDA:3,0,0,6
BRDA:3,0,1,1
BRDA:3,0,2,3
BRDA:3,0,3,2
BRDA:3,0,4,1
BRDA:3,0,5,5
BRDA:3,0,6,2
BRDA:3,0,7,2
BRDA:3,0,8,0
BRDA:40,1,0,4
BRDA:40,1,1,0
BRF:11
BRH:9
end_of_record
TN:
SF:models\follow.js
FN:5,(anonymous_0)
FN:12,(anonymous_1)
FNF:2
FNH:2
FNDA:3,(anonymous_0)
FNDA:3,(anonymous_1)
DA:4,3
DA:5,3
DA:14,3
DA:17,3
DA:22,3
DA:29,3
LF:6
LH:6
BRF:0
BRH:0
end_of_record
TN:
SF:models\game.js
FN:3,(anonymous_0)
FN:10,(anonymous_1)
FNF:2
FNH:2
FNDA:3,(anonymous_0)
FNDA:3,(anonymous_1)
DA:2,3
DA:3,3
DA:12,3
DA:13,3
DA:16,3
DA:64,3
LF:6
LH:6
BRF:0
BRH:0
end_of_record
TN:
SF:models\index.js
FN:21,(anonymous_0)
FN:24,(anonymous_1)
FN:29,(anonymous_2)
FNF:3
FNH:3
FNDA:18,(anonymous_0)
FNDA:15,(anonymous_1)
FNDA:15,(anonymous_2)
DA:3,3
DA:4,3
DA:5,3
DA:6,3
DA:7,3
DA:8,3
DA:9,3
DA:10,3
DA:13,3
DA:14,0
DA:16,3
DA:19,3
DA:22,18
DA:25,15
DA:26,15
DA:29,3
DA:30,15
DA:31,15
DA:35,3
DA:36,3
DA:38,3
LF:21
LH:20
BRDA:8,0,0,3
BRDA:8,0,1,0
BRDA:13,1,0,0
BRDA:13,1,1,3
BRDA:22,2,0,18
BRDA:22,2,1,18
BRDA:22,2,2,15
BRDA:30,3,0,15
BRDA:30,3,1,0
BRF:9
BRH:6
end_of_record
TN:
SF:models\post.js
FN:3,(anonymous_0)
FN:10,(anonymous_1)
FNF:2
FNH:2
FNDA:3,(anonymous_0)
FNDA:3,(anonymous_1)
DA:2,3
DA:3,3
DA:12,3
DA:13,3
DA:16,3
DA:57,3
LF:6
LH:6
BRF:0
BRH:0
end_of_record
TN:
SF:models\user.js
FN:4,(anonymous_0)
FN:11,(anonymous_1)
FN:42,(anonymous_2)
FN:78,(anonymous_3)
FNF:4
FNH:4
FNDA:3,(anonymous_0)
FNDA:3,(anonymous_1)
FNDA:9,(anonymous_2)
FNDA:6,(anonymous_3)
DA:2,3
DA:3,3
DA:4,3
DA:13,3
DA:14,3
DA:15,3
DA:18,3
DA:23,3
DA:43,9
DA:44,2
DA:78,3
DA:79,6
DA:81,6
DA:84,3
LF:14
LH:14
BRDA:43,0,0,2
BRDA:43,0,1,7
BRF:2
BRH:2
end_of_record
TN:
SF:models\usergame.js
FN:3,(anonymous_0)
FN:10,(anonymous_1)
FNF:2
FNH:2
FNDA:3,(anonymous_0)
FNDA:3,(anonymous_1)
DA:2,3
DA:3,3
DA:12,3
DA:13,3
DA:16,3
DA:72,3
LF:6
LH:6
BRF:0
BRH:0
end_of_record
TN:
SF:routes\gamesRoute.js
FNF:0
FNH:0
DA:1,3
DA:2,3
DA:3,3
DA:5,3
DA:6,3
DA:8,3
LF:6
LH:6
BRF:0
BRH:0
end_of_record
TN:
SF:routes\index.js
FNF:0
FNH:0
DA:1,3
DA:2,3
DA:3,3
DA:4,3
DA:5,3
DA:6,3
DA:7,3
DA:8,3
DA:9,3
DA:10,3
DA:11,3
DA:13,3
DA:15,3
LF:13
LH:13
BRF:0
BRH:0
end_of_record
TN:
SF:routes\userGamesRoute.js
FNF:0
FNH:0
DA:1,3
DA:2,3
DA:3,3
DA:5,3
DA:6,3
DA:7,3
DA:8,3
DA:9,3
DA:11,3
LF:9
LH:9
BRF:0
BRH:0
end_of_record
TN:
SF:routes\usersRoute.js
FNF:0
FNH:0
DA:1,3
DA:2,3
DA:3,3
DA:4,3
DA:6,3
DA:7,3
DA:8,3
DA:11,3
DA:12,3
DA:13,3
DA:15,3
DA:17,3
DA:18,3
DA:19,3
DA:20,3
DA:21,3
DA:22,3
DA:23,3
DA:24,3
LF:19
LH:19
BRF:0
BRH:0
end_of_record
